<?xml version="1.0" encoding="UTF-8"?>
<testsuite xmlns:xsi="http://www.w3.org/2001/XMLSchema-instance" xsi:noNamespaceSchemaLocation="https://maven.apache.org/surefire/maven-surefire-plugin/xsd/surefire-test-report.xsd" name="com.yjlhz.doademo.DoademoApplicationTests" time="13.13" tests="1" errors="0" skipped="0" failures="0">
  <properties>
    <property name="java.specification.version" value="14"/>
    <property name="sun.cpu.isalist" value="amd64"/>
    <property name="sun.jnu.encoding" value="GBK"/>
    <property name="java.class.path" value="C:\Users\Lenovo\Desktop\doademo\target\test-classes;C:\Users\Lenovo\Desktop\doademo\target\classes;G:\apache-maven-3.5.2\repository\org\springframework\boot\spring-boot-starter-web\2.6.2\spring-boot-starter-web-2.6.2.jar;G:\apache-maven-3.5.2\repository\org\springframework\boot\spring-boot-starter\2.6.2\spring-boot-starter-2.6.2.jar;G:\apache-maven-3.5.2\repository\org\springframework\boot\spring-boot-starter-logging\2.6.2\spring-boot-starter-logging-2.6.2.jar;G:\apache-maven-3.5.2\repository\ch\qos\logback\logback-classic\1.2.9\logback-classic-1.2.9.jar;G:\apache-maven-3.5.2\repository\ch\qos\logback\logback-core\1.2.9\logback-core-1.2.9.jar;G:\apache-maven-3.5.2\repository\org\apache\logging\log4j\log4j-to-slf4j\2.17.0\log4j-to-slf4j-2.17.0.jar;G:\apache-maven-3.5.2\repository\org\apache\logging\log4j\log4j-api\2.17.0\log4j-api-2.17.0.jar;G:\apache-maven-3.5.2\repository\org\slf4j\jul-to-slf4j\1.7.32\jul-to-slf4j-1.7.32.jar;G:\apache-maven-3.5.2\repository\jakarta\annotation\jakarta.annotation-api\1.3.5\jakarta.annotation-api-1.3.5.jar;G:\apache-maven-3.5.2\repository\org\yaml\snakeyaml\1.29\snakeyaml-1.29.jar;G:\apache-maven-3.5.2\repository\org\springframework\boot\spring-boot-starter-json\2.6.2\spring-boot-starter-json-2.6.2.jar;G:\apache-maven-3.5.2\repository\com\fasterxml\jackson\core\jackson-databind\2.13.1\jackson-databind-2.13.1.jar;G:\apache-maven-3.5.2\repository\com\fasterxml\jackson\core\jackson-core\2.13.1\jackson-core-2.13.1.jar;G:\apache-maven-3.5.2\repository\com\fasterxml\jackson\datatype\jackson-datatype-jdk8\2.13.1\jackson-datatype-jdk8-2.13.1.jar;G:\apache-maven-3.5.2\repository\com\fasterxml\jackson\datatype\jackson-datatype-jsr310\2.13.1\jackson-datatype-jsr310-2.13.1.jar;G:\apache-maven-3.5.2\repository\com\fasterxml\jackson\module\jackson-module-parameter-names\2.13.1\jackson-module-parameter-names-2.13.1.jar;G:\apache-maven-3.5.2\repository\org\springframework\boot\spring-boot-starter-tomcat\2.6.2\spring-boot-starter-tomcat-2.6.2.jar;G:\apache-maven-3.5.2\repository\org\apache\tomcat\embed\tomcat-embed-core\9.0.56\tomcat-embed-core-9.0.56.jar;G:\apache-maven-3.5.2\repository\org\apache\tomcat\embed\tomcat-embed-el\9.0.56\tomcat-embed-el-9.0.56.jar;G:\apache-maven-3.5.2\repository\org\apache\tomcat\embed\tomcat-embed-websocket\9.0.56\tomcat-embed-websocket-9.0.56.jar;G:\apache-maven-3.5.2\repository\org\springframework\spring-web\5.3.14\spring-web-5.3.14.jar;G:\apache-maven-3.5.2\repository\org\springframework\spring-webmvc\5.3.14\spring-webmvc-5.3.14.jar;G:\apache-maven-3.5.2\repository\org\springframework\spring-aop\5.3.14\spring-aop-5.3.14.jar;G:\apache-maven-3.5.2\repository\org\springframework\spring-expression\5.3.14\spring-expression-5.3.14.jar;G:\apache-maven-3.5.2\repository\org\mybatis\mybatis-spring\2.0.5\mybatis-spring-2.0.5.jar;G:\apache-maven-3.5.2\repository\org\mybatis\mybatis\3.5.5\mybatis-3.5.5.jar;G:\apache-maven-3.5.2\repository\tk\mybatis\mapper-spring-boot-starter\2.0.2\mapper-spring-boot-starter-2.0.2.jar;G:\apache-maven-3.5.2\repository\tk\mybatis\mapper-core\1.0.2\mapper-core-1.0.2.jar;G:\apache-maven-3.5.2\repository\javax\persistence\persistence-api\1.0\persistence-api-1.0.jar;G:\apache-maven-3.5.2\repository\tk\mybatis\mapper-base\1.0.1\mapper-base-1.0.1.jar;G:\apache-maven-3.5.2\repository\tk\mybatis\mapper-weekend\1.1.3\mapper-weekend-1.1.3.jar;G:\apache-maven-3.5.2\repository\tk\mybatis\mapper-spring\1.0.1\mapper-spring-1.0.1.jar;G:\apache-maven-3.5.2\repository\tk\mybatis\mapper-extra\1.0.1\mapper-extra-1.0.1.jar;G:\apache-maven-3.5.2\repository\tk\mybatis\mapper-spring-boot-autoconfigure\2.0.2\mapper-spring-boot-autoconfigure-2.0.2.jar;G:\apache-maven-3.5.2\repository\com\alibaba\druid\1.1.23\druid-1.1.23.jar;G:\apache-maven-3.5.2\repository\mysql\mysql-connector-java\8.0.27\mysql-connector-java-8.0.27.jar;G:\apache-maven-3.5.2\repository\org\springframework\boot\spring-boot-starter-jdbc\2.6.2\spring-boot-starter-jdbc-2.6.2.jar;G:\apache-maven-3.5.2\repository\com\zaxxer\HikariCP\4.0.3\HikariCP-4.0.3.jar;G:\apache-maven-3.5.2\repository\org\springframework\spring-jdbc\5.3.14\spring-jdbc-5.3.14.jar;G:\apache-maven-3.5.2\repository\org\springframework\spring-tx\5.3.14\spring-tx-5.3.14.jar;G:\apache-maven-3.5.2\repository\org\projectlombok\lombok\1.18.22\lombok-1.18.22.jar;G:\apache-maven-3.5.2\repository\org\springframework\boot\spring-boot-starter-thymeleaf\2.6.2\spring-boot-starter-thymeleaf-2.6.2.jar;G:\apache-maven-3.5.2\repository\org\thymeleaf\thymeleaf-spring5\3.0.14.RELEASE\thymeleaf-spring5-3.0.14.RELEASE.jar;G:\apache-maven-3.5.2\repository\org\thymeleaf\thymeleaf\3.0.14.RELEASE\thymeleaf-3.0.14.RELEASE.jar;G:\apache-maven-3.5.2\repository\org\attoparser\attoparser\2.0.5.RELEASE\attoparser-2.0.5.RELEASE.jar;G:\apache-maven-3.5.2\repository\org\unbescape\unbescape\1.1.6.RELEASE\unbescape-1.1.6.RELEASE.jar;G:\apache-maven-3.5.2\repository\org\thymeleaf\extras\thymeleaf-extras-java8time\3.0.4.RELEASE\thymeleaf-extras-java8time-3.0.4.RELEASE.jar;G:\apache-maven-3.5.2\repository\org\webjars\bootstrap\5.1.3\bootstrap-5.1.3.jar;G:\apache-maven-3.5.2\repository\org\webjars\popper.js\2.9.3\popper.js-2.9.3.jar;G:\apache-maven-3.5.2\repository\org\webjars\jquery\3.6.0\jquery-3.6.0.jar;G:\apache-maven-3.5.2\repository\io\springfox\springfox-swagger2\2.9.2\springfox-swagger2-2.9.2.jar;G:\apache-maven-3.5.2\repository\io\swagger\swagger-annotations\1.5.20\swagger-annotations-1.5.20.jar;G:\apache-maven-3.5.2\repository\io\swagger\swagger-models\1.5.20\swagger-models-1.5.20.jar;G:\apache-maven-3.5.2\repository\com\fasterxml\jackson\core\jackson-annotations\2.13.1\jackson-annotations-2.13.1.jar;G:\apache-maven-3.5.2\repository\io\springfox\springfox-spi\2.9.2\springfox-spi-2.9.2.jar;G:\apache-maven-3.5.2\repository\io\springfox\springfox-core\2.9.2\springfox-core-2.9.2.jar;G:\apache-maven-3.5.2\repository\io\springfox\springfox-schema\2.9.2\springfox-schema-2.9.2.jar;G:\apache-maven-3.5.2\repository\io\springfox\springfox-swagger-common\2.9.2\springfox-swagger-common-2.9.2.jar;G:\apache-maven-3.5.2\repository\io\springfox\springfox-spring-web\2.9.2\springfox-spring-web-2.9.2.jar;G:\apache-maven-3.5.2\repository\com\google\guava\guava\20.0\guava-20.0.jar;G:\apache-maven-3.5.2\repository\com\fasterxml\classmate\1.5.1\classmate-1.5.1.jar;G:\apache-maven-3.5.2\repository\org\slf4j\slf4j-api\1.7.32\slf4j-api-1.7.32.jar;G:\apache-maven-3.5.2\repository\org\springframework\plugin\spring-plugin-core\1.2.0.RELEASE\spring-plugin-core-1.2.0.RELEASE.jar;G:\apache-maven-3.5.2\repository\org\springframework\plugin\spring-plugin-metadata\1.2.0.RELEASE\spring-plugin-metadata-1.2.0.RELEASE.jar;G:\apache-maven-3.5.2\repository\org\mapstruct\mapstruct\1.2.0.Final\mapstruct-1.2.0.Final.jar;G:\apache-maven-3.5.2\repository\io\springfox\springfox-swagger-ui\2.9.2\springfox-swagger-ui-2.9.2.jar;G:\apache-maven-3.5.2\repository\junit\junit\4.13.2\junit-4.13.2.jar;G:\apache-maven-3.5.2\repository\org\hamcrest\hamcrest-core\2.2\hamcrest-core-2.2.jar;G:\apache-maven-3.5.2\repository\org\springframework\boot\spring-boot-starter-test\2.6.2\spring-boot-starter-test-2.6.2.jar;G:\apache-maven-3.5.2\repository\org\springframework\boot\spring-boot-test\2.6.2\spring-boot-test-2.6.2.jar;G:\apache-maven-3.5.2\repository\org\springframework\boot\spring-boot-test-autoconfigure\2.6.2\spring-boot-test-autoconfigure-2.6.2.jar;G:\apache-maven-3.5.2\repository\com\jayway\jsonpath\json-path\2.6.0\json-path-2.6.0.jar;G:\apache-maven-3.5.2\repository\net\minidev\json-smart\2.4.7\json-smart-2.4.7.jar;G:\apache-maven-3.5.2\repository\net\minidev\accessors-smart\2.4.7\accessors-smart-2.4.7.jar;G:\apache-maven-3.5.2\repository\jakarta\xml\bind\jakarta.xml.bind-api\2.3.3\jakarta.xml.bind-api-2.3.3.jar;G:\apache-maven-3.5.2\repository\jakarta\activation\jakarta.activation-api\1.2.2\jakarta.activation-api-1.2.2.jar;G:\apache-maven-3.5.2\repository\org\assertj\assertj-core\3.21.0\assertj-core-3.21.0.jar;G:\apache-maven-3.5.2\repository\org\hamcrest\hamcrest\2.2\hamcrest-2.2.jar;G:\apache-maven-3.5.2\repository\org\junit\jupiter\junit-jupiter\5.8.2\junit-jupiter-5.8.2.jar;G:\apache-maven-3.5.2\repository\org\junit\jupiter\junit-jupiter-api\5.8.2\junit-jupiter-api-5.8.2.jar;G:\apache-maven-3.5.2\repository\org\opentest4j\opentest4j\1.2.0\opentest4j-1.2.0.jar;G:\apache-maven-3.5.2\repository\org\junit\platform\junit-platform-commons\1.8.2\junit-platform-commons-1.8.2.jar;G:\apache-maven-3.5.2\repository\org\apiguardian\apiguardian-api\1.1.2\apiguardian-api-1.1.2.jar;G:\apache-maven-3.5.2\repository\org\junit\jupiter\junit-jupiter-params\5.8.2\junit-jupiter-params-5.8.2.jar;G:\apache-maven-3.5.2\repository\org\junit\jupiter\junit-jupiter-engine\5.8.2\junit-jupiter-engine-5.8.2.jar;G:\apache-maven-3.5.2\repository\org\junit\platform\junit-platform-engine\1.8.2\junit-platform-engine-1.8.2.jar;G:\apache-maven-3.5.2\repository\org\mockito\mockito-core\4.0.0\mockito-core-4.0.0.jar;G:\apache-maven-3.5.2\repository\net\bytebuddy\byte-buddy\1.11.22\byte-buddy-1.11.22.jar;G:\apache-maven-3.5.2\repository\net\bytebuddy\byte-buddy-agent\1.11.22\byte-buddy-agent-1.11.22.jar;G:\apache-maven-3.5.2\repository\org\objenesis\objenesis\3.2\objenesis-3.2.jar;G:\apache-maven-3.5.2\repository\org\mockito\mockito-junit-jupiter\4.0.0\mockito-junit-jupiter-4.0.0.jar;G:\apache-maven-3.5.2\repository\org\skyscreamer\jsonassert\1.5.0\jsonassert-1.5.0.jar;G:\apache-maven-3.5.2\repository\com\vaadin\external\google\android-json\0.0.20131108.vaadin1\android-json-0.0.20131108.vaadin1.jar;G:\apache-maven-3.5.2\repository\org\springframework\spring-core\5.3.14\spring-core-5.3.14.jar;G:\apache-maven-3.5.2\repository\org\springframework\spring-jcl\5.3.14\spring-jcl-5.3.14.jar;G:\apache-maven-3.5.2\repository\org\springframework\spring-test\5.3.14\spring-test-5.3.14.jar;G:\apache-maven-3.5.2\repository\org\xmlunit\xmlunit-core\2.8.4\xmlunit-core-2.8.4.jar;G:\apache-maven-3.5.2\repository\jakarta\validation\jakarta.validation-api\2.0.2\jakarta.validation-api-2.0.2.jar;G:\apache-maven-3.5.2\repository\org\springframework\boot\spring-boot-devtools\2.6.2\spring-boot-devtools-2.6.2.jar;G:\apache-maven-3.5.2\repository\org\springframework\boot\spring-boot\2.6.2\spring-boot-2.6.2.jar;G:\apache-maven-3.5.2\repository\org\springframework\boot\spring-boot-autoconfigure\2.6.2\spring-boot-autoconfigure-2.6.2.jar;G:\apache-maven-3.5.2\repository\com\alibaba\easyexcel\3.0.5\easyexcel-3.0.5.jar;G:\apache-maven-3.5.2\repository\org\apache\poi\poi-ooxml-schemas\4.1.2\poi-ooxml-schemas-4.1.2.jar;G:\apache-maven-3.5.2\repository\org\apache\xmlbeans\xmlbeans\3.1.0\xmlbeans-3.1.0.jar;G:\apache-maven-3.5.2\repository\org\apache\commons\commons-csv\1.8\commons-csv-1.8.jar;G:\apache-maven-3.5.2\repository\cglib\cglib\3.3.0\cglib-3.3.0.jar;G:\apache-maven-3.5.2\repository\org\ow2\asm\asm\7.1\asm-7.1.jar;G:\apache-maven-3.5.2\repository\org\ehcache\ehcache\3.9.9\ehcache-3.9.9.jar;G:\apache-maven-3.5.2\repository\com\alibaba\fastjson\1.2.79\fastjson-1.2.79.jar;G:\apache-maven-3.5.2\repository\commons-io\commons-io\2.11.0\commons-io-2.11.0.jar;G:\apache-maven-3.5.2\repository\commons-fileupload\commons-fileupload\1.4\commons-fileupload-1.4.jar;G:\apache-maven-3.5.2\repository\org\springframework\boot\spring-boot-configuration-processor\2.6.2\spring-boot-configuration-processor-2.6.2.jar;G:\apache-maven-3.5.2\repository\cn\afterturn\easypoi-base\4.4.0\easypoi-base-4.4.0.jar;G:\apache-maven-3.5.2\repository\org\apache\commons\commons-lang3\3.12.0\commons-lang3-3.12.0.jar;G:\apache-maven-3.5.2\repository\ognl\ognl\3.2.6\ognl-3.2.6.jar;G:\apache-maven-3.5.2\repository\org\javassist\javassist\3.20.0-GA\javassist-3.20.0-GA.jar;G:\apache-maven-3.5.2\repository\javax\validation\validation-api\2.0.1.Final\validation-api-2.0.1.Final.jar;G:\apache-maven-3.5.2\repository\cn\afterturn\easypoi-web\4.4.0\easypoi-web-4.4.0.jar;G:\apache-maven-3.5.2\repository\org\springframework\spring-context\5.3.14\spring-context-5.3.14.jar;G:\apache-maven-3.5.2\repository\org\springframework\spring-beans\5.3.14\spring-beans-5.3.14.jar;G:\apache-maven-3.5.2\repository\cn\afterturn\easypoi-annotation\4.4.0\easypoi-annotation-4.4.0.jar;G:\apache-maven-3.5.2\repository\org\apache\poi\poi\4.1.0\poi-4.1.0.jar;G:\apache-maven-3.5.2\repository\commons-codec\commons-codec\1.15\commons-codec-1.15.jar;G:\apache-maven-3.5.2\repository\org\apache\commons\commons-collections4\4.3\commons-collections4-4.3.jar;G:\apache-maven-3.5.2\repository\org\apache\commons\commons-math3\3.6.1\commons-math3-3.6.1.jar;G:\apache-maven-3.5.2\repository\org\apache\poi\poi-ooxml\4.1.0\poi-ooxml-4.1.0.jar;G:\apache-maven-3.5.2\repository\org\apache\commons\commons-compress\1.18\commons-compress-1.18.jar;G:\apache-maven-3.5.2\repository\com\github\virtuald\curvesapi\1.06\curvesapi-1.06.jar;"/>
    <property name="java.vm.vendor" value="Oracle Corporation"/>
    <property name="sun.arch.data.model" value="64"/>
    <property name="user.variant" value=""/>
    <property name="java.vendor.url" value="https://java.oracle.com/"/>
    <property name="user.timezone" value="Asia/Shanghai"/>
    <property name="os.name" value="Windows 10"/>
    <property name="java.vm.specification.version" value="14"/>
    <property name="sun.java.launcher" value="SUN_STANDARD"/>
    <property name="user.country" value="CN"/>
    <property name="sun.boot.library.path" value="E:\jdk-14.0.1_windows-x64_bin\jdk-14.0.1\bin"/>
    <property name="sun.java.command" value="C:\Users\Lenovo\AppData\Local\Temp\surefire13005247646628103872\surefirebooter14147283984418838770.jar C:\Users\Lenovo\AppData\Local\Temp\surefire13005247646628103872 2022-04-28T20-24-13_711-jvmRun1 surefire1652435152318835837tmp surefire_09951341993815363677tmp"/>
    <property name="jdk.debug" value="release"/>
    <property name="surefire.test.class.path" value="C:\Users\Lenovo\Desktop\doademo\target\test-classes;C:\Users\Lenovo\Desktop\doademo\target\classes;G:\apache-maven-3.5.2\repository\org\springframework\boot\spring-boot-starter-web\2.6.2\spring-boot-starter-web-2.6.2.jar;G:\apache-maven-3.5.2\repository\org\springframework\boot\spring-boot-starter\2.6.2\spring-boot-starter-2.6.2.jar;G:\apache-maven-3.5.2\repository\org\springframework\boot\spring-boot-starter-logging\2.6.2\spring-boot-starter-logging-2.6.2.jar;G:\apache-maven-3.5.2\repository\ch\qos\logback\logback-classic\1.2.9\logback-classic-1.2.9.jar;G:\apache-maven-3.5.2\repository\ch\qos\logback\logback-core\1.2.9\logback-core-1.2.9.jar;G:\apache-maven-3.5.2\repository\org\apache\logging\log4j\log4j-to-slf4j\2.17.0\log4j-to-slf4j-2.17.0.jar;G:\apache-maven-3.5.2\repository\org\apache\logging\log4j\log4j-api\2.17.0\log4j-api-2.17.0.jar;G:\apache-maven-3.5.2\repository\org\slf4j\jul-to-slf4j\1.7.32\jul-to-slf4j-1.7.32.jar;G:\apache-maven-3.5.2\repository\jakarta\annotation\jakarta.annotation-api\1.3.5\jakarta.annotation-api-1.3.5.jar;G:\apache-maven-3.5.2\repository\org\yaml\snakeyaml\1.29\snakeyaml-1.29.jar;G:\apache-maven-3.5.2\repository\org\springframework\boot\spring-boot-starter-json\2.6.2\spring-boot-starter-json-2.6.2.jar;G:\apache-maven-3.5.2\repository\com\fasterxml\jackson\core\jackson-databind\2.13.1\jackson-databind-2.13.1.jar;G:\apache-maven-3.5.2\repository\com\fasterxml\jackson\core\jackson-core\2.13.1\jackson-core-2.13.1.jar;G:\apache-maven-3.5.2\repository\com\fasterxml\jackson\datatype\jackson-datatype-jdk8\2.13.1\jackson-datatype-jdk8-2.13.1.jar;G:\apache-maven-3.5.2\repository\com\fasterxml\jackson\datatype\jackson-datatype-jsr310\2.13.1\jackson-datatype-jsr310-2.13.1.jar;G:\apache-maven-3.5.2\repository\com\fasterxml\jackson\module\jackson-module-parameter-names\2.13.1\jackson-module-parameter-names-2.13.1.jar;G:\apache-maven-3.5.2\repository\org\springframework\boot\spring-boot-starter-tomcat\2.6.2\spring-boot-starter-tomcat-2.6.2.jar;G:\apache-maven-3.5.2\repository\org\apache\tomcat\embed\tomcat-embed-core\9.0.56\tomcat-embed-core-9.0.56.jar;G:\apache-maven-3.5.2\repository\org\apache\tomcat\embed\tomcat-embed-el\9.0.56\tomcat-embed-el-9.0.56.jar;G:\apache-maven-3.5.2\repository\org\apache\tomcat\embed\tomcat-embed-websocket\9.0.56\tomcat-embed-websocket-9.0.56.jar;G:\apache-maven-3.5.2\repository\org\springframework\spring-web\5.3.14\spring-web-5.3.14.jar;G:\apache-maven-3.5.2\repository\org\springframework\spring-webmvc\5.3.14\spring-webmvc-5.3.14.jar;G:\apache-maven-3.5.2\repository\org\springframework\spring-aop\5.3.14\spring-aop-5.3.14.jar;G:\apache-maven-3.5.2\repository\org\springframework\spring-expression\5.3.14\spring-expression-5.3.14.jar;G:\apache-maven-3.5.2\repository\org\mybatis\mybatis-spring\2.0.5\mybatis-spring-2.0.5.jar;G:\apache-maven-3.5.2\repository\org\mybatis\mybatis\3.5.5\mybatis-3.5.5.jar;G:\apache-maven-3.5.2\repository\tk\mybatis\mapper-spring-boot-starter\2.0.2\mapper-spring-boot-starter-2.0.2.jar;G:\apache-maven-3.5.2\repository\tk\mybatis\mapper-core\1.0.2\mapper-core-1.0.2.jar;G:\apache-maven-3.5.2\repository\javax\persistence\persistence-api\1.0\persistence-api-1.0.jar;G:\apache-maven-3.5.2\repository\tk\mybatis\mapper-base\1.0.1\mapper-base-1.0.1.jar;G:\apache-maven-3.5.2\repository\tk\mybatis\mapper-weekend\1.1.3\mapper-weekend-1.1.3.jar;G:\apache-maven-3.5.2\repository\tk\mybatis\mapper-spring\1.0.1\mapper-spring-1.0.1.jar;G:\apache-maven-3.5.2\repository\tk\mybatis\mapper-extra\1.0.1\mapper-extra-1.0.1.jar;G:\apache-maven-3.5.2\repository\tk\mybatis\mapper-spring-boot-autoconfigure\2.0.2\mapper-spring-boot-autoconfigure-2.0.2.jar;G:\apache-maven-3.5.2\repository\com\alibaba\druid\1.1.23\druid-1.1.23.jar;G:\apache-maven-3.5.2\repository\mysql\mysql-connector-java\8.0.27\mysql-connector-java-8.0.27.jar;G:\apache-maven-3.5.2\repository\org\springframework\boot\spring-boot-starter-jdbc\2.6.2\spring-boot-starter-jdbc-2.6.2.jar;G:\apache-maven-3.5.2\repository\com\zaxxer\HikariCP\4.0.3\HikariCP-4.0.3.jar;G:\apache-maven-3.5.2\repository\org\springframework\spring-jdbc\5.3.14\spring-jdbc-5.3.14.jar;G:\apache-maven-3.5.2\repository\org\springframework\spring-tx\5.3.14\spring-tx-5.3.14.jar;G:\apache-maven-3.5.2\repository\org\projectlombok\lombok\1.18.22\lombok-1.18.22.jar;G:\apache-maven-3.5.2\repository\org\springframework\boot\spring-boot-starter-thymeleaf\2.6.2\spring-boot-starter-thymeleaf-2.6.2.jar;G:\apache-maven-3.5.2\repository\org\thymeleaf\thymeleaf-spring5\3.0.14.RELEASE\thymeleaf-spring5-3.0.14.RELEASE.jar;G:\apache-maven-3.5.2\repository\org\thymeleaf\thymeleaf\3.0.14.RELEASE\thymeleaf-3.0.14.RELEASE.jar;G:\apache-maven-3.5.2\repository\org\attoparser\attoparser\2.0.5.RELEASE\attoparser-2.0.5.RELEASE.jar;G:\apache-maven-3.5.2\repository\org\unbescape\unbescape\1.1.6.RELEASE\unbescape-1.1.6.RELEASE.jar;G:\apache-maven-3.5.2\repository\org\thymeleaf\extras\thymeleaf-extras-java8time\3.0.4.RELEASE\thymeleaf-extras-java8time-3.0.4.RELEASE.jar;G:\apache-maven-3.5.2\repository\org\webjars\bootstrap\5.1.3\bootstrap-5.1.3.jar;G:\apache-maven-3.5.2\repository\org\webjars\popper.js\2.9.3\popper.js-2.9.3.jar;G:\apache-maven-3.5.2\repository\org\webjars\jquery\3.6.0\jquery-3.6.0.jar;G:\apache-maven-3.5.2\repository\io\springfox\springfox-swagger2\2.9.2\springfox-swagger2-2.9.2.jar;G:\apache-maven-3.5.2\repository\io\swagger\swagger-annotations\1.5.20\swagger-annotations-1.5.20.jar;G:\apache-maven-3.5.2\repository\io\swagger\swagger-models\1.5.20\swagger-models-1.5.20.jar;G:\apache-maven-3.5.2\repository\com\fasterxml\jackson\core\jackson-annotations\2.13.1\jackson-annotations-2.13.1.jar;G:\apache-maven-3.5.2\repository\io\springfox\springfox-spi\2.9.2\springfox-spi-2.9.2.jar;G:\apache-maven-3.5.2\repository\io\springfox\springfox-core\2.9.2\springfox-core-2.9.2.jar;G:\apache-maven-3.5.2\repository\io\springfox\springfox-schema\2.9.2\springfox-schema-2.9.2.jar;G:\apache-maven-3.5.2\repository\io\springfox\springfox-swagger-common\2.9.2\springfox-swagger-common-2.9.2.jar;G:\apache-maven-3.5.2\repository\io\springfox\springfox-spring-web\2.9.2\springfox-spring-web-2.9.2.jar;G:\apache-maven-3.5.2\repository\com\google\guava\guava\20.0\guava-20.0.jar;G:\apache-maven-3.5.2\repository\com\fasterxml\classmate\1.5.1\classmate-1.5.1.jar;G:\apache-maven-3.5.2\repository\org\slf4j\slf4j-api\1.7.32\slf4j-api-1.7.32.jar;G:\apache-maven-3.5.2\repository\org\springframework\plugin\spring-plugin-core\1.2.0.RELEASE\spring-plugin-core-1.2.0.RELEASE.jar;G:\apache-maven-3.5.2\repository\org\springframework\plugin\spring-plugin-metadata\1.2.0.RELEASE\spring-plugin-metadata-1.2.0.RELEASE.jar;G:\apache-maven-3.5.2\repository\org\mapstruct\mapstruct\1.2.0.Final\mapstruct-1.2.0.Final.jar;G:\apache-maven-3.5.2\repository\io\springfox\springfox-swagger-ui\2.9.2\springfox-swagger-ui-2.9.2.jar;G:\apache-maven-3.5.2\repository\junit\junit\4.13.2\junit-4.13.2.jar;G:\apache-maven-3.5.2\repository\org\hamcrest\hamcrest-core\2.2\hamcrest-core-2.2.jar;G:\apache-maven-3.5.2\repository\org\springframework\boot\spring-boot-starter-test\2.6.2\spring-boot-starter-test-2.6.2.jar;G:\apache-maven-3.5.2\repository\org\springframework\boot\spring-boot-test\2.6.2\spring-boot-test-2.6.2.jar;G:\apache-maven-3.5.2\repository\org\springframework\boot\spring-boot-test-autoconfigure\2.6.2\spring-boot-test-autoconfigure-2.6.2.jar;G:\apache-maven-3.5.2\repository\com\jayway\jsonpath\json-path\2.6.0\json-path-2.6.0.jar;G:\apache-maven-3.5.2\repository\net\minidev\json-smart\2.4.7\json-smart-2.4.7.jar;G:\apache-maven-3.5.2\repository\net\minidev\accessors-smart\2.4.7\accessors-smart-2.4.7.jar;G:\apache-maven-3.5.2\repository\jakarta\xml\bind\jakarta.xml.bind-api\2.3.3\jakarta.xml.bind-api-2.3.3.jar;G:\apache-maven-3.5.2\repository\jakarta\activation\jakarta.activation-api\1.2.2\jakarta.activation-api-1.2.2.jar;G:\apache-maven-3.5.2\repository\org\assertj\assertj-core\3.21.0\assertj-core-3.21.0.jar;G:\apache-maven-3.5.2\repository\org\hamcrest\hamcrest\2.2\hamcrest-2.2.jar;G:\apache-maven-3.5.2\repository\org\junit\jupiter\junit-jupiter\5.8.2\junit-jupiter-5.8.2.jar;G:\apache-maven-3.5.2\repository\org\junit\jupiter\junit-jupiter-api\5.8.2\junit-jupiter-api-5.8.2.jar;G:\apache-maven-3.5.2\repository\org\opentest4j\opentest4j\1.2.0\opentest4j-1.2.0.jar;G:\apache-maven-3.5.2\repository\org\junit\platform\junit-platform-commons\1.8.2\junit-platform-commons-1.8.2.jar;G:\apache-maven-3.5.2\repository\org\apiguardian\apiguardian-api\1.1.2\apiguardian-api-1.1.2.jar;G:\apache-maven-3.5.2\repository\org\junit\jupiter\junit-jupiter-params\5.8.2\junit-jupiter-params-5.8.2.jar;G:\apache-maven-3.5.2\repository\org\junit\jupiter\junit-jupiter-engine\5.8.2\junit-jupiter-engine-5.8.2.jar;G:\apache-maven-3.5.2\repository\org\junit\platform\junit-platform-engine\1.8.2\junit-platform-engine-1.8.2.jar;G:\apache-maven-3.5.2\repository\org\mockito\mockito-core\4.0.0\mockito-core-4.0.0.jar;G:\apache-maven-3.5.2\repository\net\bytebuddy\byte-buddy\1.11.22\byte-buddy-1.11.22.jar;G:\apache-maven-3.5.2\repository\net\bytebuddy\byte-buddy-agent\1.11.22\byte-buddy-agent-1.11.22.jar;G:\apache-maven-3.5.2\repository\org\objenesis\objenesis\3.2\objenesis-3.2.jar;G:\apache-maven-3.5.2\repository\org\mockito\mockito-junit-jupiter\4.0.0\mockito-junit-jupiter-4.0.0.jar;G:\apache-maven-3.5.2\repository\org\skyscreamer\jsonassert\1.5.0\jsonassert-1.5.0.jar;G:\apache-maven-3.5.2\repository\com\vaadin\external\google\android-json\0.0.20131108.vaadin1\android-json-0.0.20131108.vaadin1.jar;G:\apache-maven-3.5.2\repository\org\springframework\spring-core\5.3.14\spring-core-5.3.14.jar;G:\apache-maven-3.5.2\repository\org\springframework\spring-jcl\5.3.14\spring-jcl-5.3.14.jar;G:\apache-maven-3.5.2\repository\org\springframework\spring-test\5.3.14\spring-test-5.3.14.jar;G:\apache-maven-3.5.2\repository\org\xmlunit\xmlunit-core\2.8.4\xmlunit-core-2.8.4.jar;G:\apache-maven-3.5.2\repository\jakarta\validation\jakarta.validation-api\2.0.2\jakarta.validation-api-2.0.2.jar;G:\apache-maven-3.5.2\repository\org\springframework\boot\spring-boot-devtools\2.6.2\spring-boot-devtools-2.6.2.jar;G:\apache-maven-3.5.2\repository\org\springframework\boot\spring-boot\2.6.2\spring-boot-2.6.2.jar;G:\apache-maven-3.5.2\repository\org\springframework\boot\spring-boot-autoconfigure\2.6.2\spring-boot-autoconfigure-2.6.2.jar;G:\apache-maven-3.5.2\repository\com\alibaba\easyexcel\3.0.5\easyexcel-3.0.5.jar;G:\apache-maven-3.5.2\repository\org\apache\poi\poi-ooxml-schemas\4.1.2\poi-ooxml-schemas-4.1.2.jar;G:\apache-maven-3.5.2\repository\org\apache\xmlbeans\xmlbeans\3.1.0\xmlbeans-3.1.0.jar;G:\apache-maven-3.5.2\repository\org\apache\commons\commons-csv\1.8\commons-csv-1.8.jar;G:\apache-maven-3.5.2\repository\cglib\cglib\3.3.0\cglib-3.3.0.jar;G:\apache-maven-3.5.2\repository\org\ow2\asm\asm\7.1\asm-7.1.jar;G:\apache-maven-3.5.2\repository\org\ehcache\ehcache\3.9.9\ehcache-3.9.9.jar;G:\apache-maven-3.5.2\repository\com\alibaba\fastjson\1.2.79\fastjson-1.2.79.jar;G:\apache-maven-3.5.2\repository\commons-io\commons-io\2.11.0\commons-io-2.11.0.jar;G:\apache-maven-3.5.2\repository\commons-fileupload\commons-fileupload\1.4\commons-fileupload-1.4.jar;G:\apache-maven-3.5.2\repository\org\springframework\boot\spring-boot-configuration-processor\2.6.2\spring-boot-configuration-processor-2.6.2.jar;G:\apache-maven-3.5.2\repository\cn\afterturn\easypoi-base\4.4.0\easypoi-base-4.4.0.jar;G:\apache-maven-3.5.2\repository\org\apache\commons\commons-lang3\3.12.0\commons-lang3-3.12.0.jar;G:\apache-maven-3.5.2\repository\ognl\ognl\3.2.6\ognl-3.2.6.jar;G:\apache-maven-3.5.2\repository\org\javassist\javassist\3.20.0-GA\javassist-3.20.0-GA.jar;G:\apache-maven-3.5.2\repository\javax\validation\validation-api\2.0.1.Final\validation-api-2.0.1.Final.jar;G:\apache-maven-3.5.2\repository\cn\afterturn\easypoi-web\4.4.0\easypoi-web-4.4.0.jar;G:\apache-maven-3.5.2\repository\org\springframework\spring-context\5.3.14\spring-context-5.3.14.jar;G:\apache-maven-3.5.2\repository\org\springframework\spring-beans\5.3.14\spring-beans-5.3.14.jar;G:\apache-maven-3.5.2\repository\cn\afterturn\easypoi-annotation\4.4.0\easypoi-annotation-4.4.0.jar;G:\apache-maven-3.5.2\repository\org\apache\poi\poi\4.1.0\poi-4.1.0.jar;G:\apache-maven-3.5.2\repository\commons-codec\commons-codec\1.15\commons-codec-1.15.jar;G:\apache-maven-3.5.2\repository\org\apache\commons\commons-collections4\4.3\commons-collections4-4.3.jar;G:\apache-maven-3.5.2\repository\org\apache\commons\commons-math3\3.6.1\commons-math3-3.6.1.jar;G:\apache-maven-3.5.2\repository\org\apache\poi\poi-ooxml\4.1.0\poi-ooxml-4.1.0.jar;G:\apache-maven-3.5.2\repository\org\apache\commons\commons-compress\1.18\commons-compress-1.18.jar;G:\apache-maven-3.5.2\repository\com\github\virtuald\curvesapi\1.06\curvesapi-1.06.jar;"/>
    <property name="sun.cpu.endian" value="little"/>
    <property name="user.home" value="C:\Users\Lenovo"/>
    <property name="user.language" value="zh"/>
    <property name="java.specification.vendor" value="Oracle Corporation"/>
    <property name="java.version.date" value="2020-04-14"/>
    <property name="java.home" value="E:\jdk-14.0.1_windows-x64_bin\jdk-14.0.1"/>
    <property name="file.separator" value="\"/>
    <property name="basedir" value="C:\Users\Lenovo\Desktop\doademo"/>
    <property name="java.vm.compressedOopsMode" value="32-bit"/>
    <property name="line.separator" value="&#10;"/>
    <property name="java.vm.specification.vendor" value="Oracle Corporation"/>
    <property name="java.specification.name" value="Java Platform API Specification"/>
    <property name="idea.version2020.1.1" value="true"/>
    <property name="surefire.real.class.path" value="C:\Users\Lenovo\AppData\Local\Temp\surefire13005247646628103872\surefirebooter14147283984418838770.jar"/>
    <property name="user.script" value=""/>
    <property name="sun.management.compiler" value="HotSpot 64-Bit Tiered Compilers"/>
    <property name="java.runtime.version" value="14.0.1+7"/>
    <property name="user.name" value="Lenovo"/>
    <property name="path.separator" value=";"/>
    <property name="os.version" value="10.0"/>
    <property name="java.runtime.name" value="Java(TM) SE Runtime Environment"/>
    <property name="file.encoding" value="GBK"/>
    <property name="java.vm.name" value="Java HotSpot(TM) 64-Bit Server VM"/>
    <property name="localRepository" value="G:\apache-maven-3.5.2\repository"/>
    <property name="java.vendor.url.bug" value="https://bugreport.java.com/bugreport/"/>
    <property name="java.io.tmpdir" value="C:\Users\Lenovo\AppData\Local\Temp\"/>
    <property name="java.version" value="14.0.1"/>
    <property name="user.dir" value="C:\Users\Lenovo\Desktop\doademo"/>
    <property name="os.arch" value="amd64"/>
    <property name="java.vm.specification.name" value="Java Virtual Machine Specification"/>
    <property name="sun.os.patch.level" value=""/>
    <property name="java.library.path" value="E:\jdk-14.0.1_windows-x64_bin\jdk-14.0.1\bin;C:\WINDOWS\Sun\Java\bin;C:\WINDOWS\system32;C:\WINDOWS;C:\Program Files (x86)\Intel\iCLS Client\;C:\Program Files\Intel\iCLS Client\;C:\Windows\system32;C:\Windows;C:\Windows\System32\Wbem;C:\Windows\System32\WindowsPowerShell\v1.0\;C:\Program Files (x86)\NVIDIA Corporation\PhysX\Common;C:\Program Files (x86)\Intel\Intel(R) Management Engine Components\DAL;C:\Program Files\Intel\Intel(R) Management Engine Components\DAL;C:\Program Files (x86)\Intel\Intel(R) Management Engine Components\IPT;C:\Program Files\Intel\Intel(R) Management Engine Components\IPT;C:\WINDOWS\system32;C:\WINDOWS;C:\WINDOWS\System32\Wbem;C:\WINDOWS\System32\WindowsPowerShell\v1.0\;C:\WINDOWS\System32\OpenSSH\;C:\Program Files\Microsoft SQL Server\Client SDK\ODBC\110\Tools\Binn\;C:\Program Files (x86)\Microsoft SQL Server\120\Tools\Binn\;C:\Program Files\Microsoft SQL Server\120\Tools\Binn\;C:\Program Files\Microsoft SQL Server\120\DTS\Binn\;C:\Program Files (x86)\Windows Kits\8.1\Windows Performance Toolkit\;C:\Program Files\dotnet\;C:\Program Files\Microsoft SQL Server\130\Tools\Binn\;E:\MATLAB\runtime\win64;E:\MATLAB\bin;F:\Program Files\MATLAB\R2018a\runtime\win64;F:\Program Files\MATLAB\R2018a\bin;E:\MATLAB\polyspace\bin;E:\Git\cmd;E:\jdk-14.0.1_windows-x64_bin\jdk-14.0.1\bin;E:\jdk-14.0.1_windows-x64_bin\jdk-14.0.1\jre\bin;E:\Mysql\bin;G:\apache-maven-3.5.2\bin;C:\ProgramData\chocolatey\bin;F:\nodejs\;C:\Users\Lenovo\AppData\Local\Microsoft\WindowsApps;F:\nodejs;E:\Pycharm\PyCharm 2021.1.1\bin;;C:\Users\Lenovo\PycharmProjects\pythonProject\venv\Scripts;C:\Users\Lenovo\AppData\Roaming\npm;."/>
    <property name="java.vm.info" value="mixed mode, sharing"/>
    <property name="java.vendor" value="Oracle Corporation"/>
    <property name="java.vm.version" value="14.0.1+7"/>
    <property name="sun.io.unicode.encoding" value="UnicodeLittle"/>
    <property name="java.class.version" value="58.0"/>
  </properties>
  <testcase name="contextLoads" classname="com.yjlhz.doademo.DoademoApplicationTests" time="2.144"/>
</testsuite>