<?xml version="1.0" encoding="UTF-8"?>
<testsuite xmlns:xsi="http://www.w3.org/2001/XMLSchema-instance" xsi:noNamespaceSchemaLocation="https://maven.apache.org/surefire/maven-surefire-plugin/xsd/surefire-test-report.xsd" name="com.yjlhz.doademo.DoademoApplicationTests" time="6.397" tests="1" errors="1" skipped="0" failures="0">
  <properties>
    <property name="java.specification.version" value="14"/>
    <property name="sun.cpu.isalist" value="amd64"/>
    <property name="sun.jnu.encoding" value="GBK"/>
    <property name="java.class.path" value="C:\Users\Lenovo\Desktop\doademo\target\test-classes;C:\Users\Lenovo\Desktop\doademo\target\classes;G:\apache-maven-3.5.2\repository\org\springframework\boot\spring-boot-starter-web\2.6.2\spring-boot-starter-web-2.6.2.jar;G:\apache-maven-3.5.2\repository\org\springframework\boot\spring-boot-starter\2.6.2\spring-boot-starter-2.6.2.jar;G:\apache-maven-3.5.2\repository\org\springframework\boot\spring-boot-starter-logging\2.6.2\spring-boot-starter-logging-2.6.2.jar;G:\apache-maven-3.5.2\repository\ch\qos\logback\logback-classic\1.2.9\logback-classic-1.2.9.jar;G:\apache-maven-3.5.2\repository\ch\qos\logback\logback-core\1.2.9\logback-core-1.2.9.jar;G:\apache-maven-3.5.2\repository\org\apache\logging\log4j\log4j-to-slf4j\2.17.0\log4j-to-slf4j-2.17.0.jar;G:\apache-maven-3.5.2\repository\org\apache\logging\log4j\log4j-api\2.17.0\log4j-api-2.17.0.jar;G:\apache-maven-3.5.2\repository\org\slf4j\jul-to-slf4j\1.7.32\jul-to-slf4j-1.7.32.jar;G:\apache-maven-3.5.2\repository\jakarta\annotation\jakarta.annotation-api\1.3.5\jakarta.annotation-api-1.3.5.jar;G:\apache-maven-3.5.2\repository\org\yaml\snakeyaml\1.29\snakeyaml-1.29.jar;G:\apache-maven-3.5.2\repository\org\springframework\boot\spring-boot-starter-json\2.6.2\spring-boot-starter-json-2.6.2.jar;G:\apache-maven-3.5.2\repository\com\fasterxml\jackson\core\jackson-databind\2.13.1\jackson-databind-2.13.1.jar;G:\apache-maven-3.5.2\repository\com\fasterxml\jackson\core\jackson-core\2.13.1\jackson-core-2.13.1.jar;G:\apache-maven-3.5.2\repository\com\fasterxml\jackson\datatype\jackson-datatype-jdk8\2.13.1\jackson-datatype-jdk8-2.13.1.jar;G:\apache-maven-3.5.2\repository\com\fasterxml\jackson\datatype\jackson-datatype-jsr310\2.13.1\jackson-datatype-jsr310-2.13.1.jar;G:\apache-maven-3.5.2\repository\com\fasterxml\jackson\module\jackson-module-parameter-names\2.13.1\jackson-module-parameter-names-2.13.1.jar;G:\apache-maven-3.5.2\repository\org\springframework\boot\spring-boot-starter-tomcat\2.6.2\spring-boot-starter-tomcat-2.6.2.jar;G:\apache-maven-3.5.2\repository\org\apache\tomcat\embed\tomcat-embed-core\9.0.56\tomcat-embed-core-9.0.56.jar;G:\apache-maven-3.5.2\repository\org\apache\tomcat\embed\tomcat-embed-el\9.0.56\tomcat-embed-el-9.0.56.jar;G:\apache-maven-3.5.2\repository\org\apache\tomcat\embed\tomcat-embed-websocket\9.0.56\tomcat-embed-websocket-9.0.56.jar;G:\apache-maven-3.5.2\repository\org\springframework\spring-web\5.3.14\spring-web-5.3.14.jar;G:\apache-maven-3.5.2\repository\org\springframework\spring-webmvc\5.3.14\spring-webmvc-5.3.14.jar;G:\apache-maven-3.5.2\repository\org\springframework\spring-aop\5.3.14\spring-aop-5.3.14.jar;G:\apache-maven-3.5.2\repository\org\springframework\spring-expression\5.3.14\spring-expression-5.3.14.jar;G:\apache-maven-3.5.2\repository\org\mybatis\mybatis-spring\2.0.5\mybatis-spring-2.0.5.jar;G:\apache-maven-3.5.2\repository\org\mybatis\mybatis\3.5.5\mybatis-3.5.5.jar;G:\apache-maven-3.5.2\repository\tk\mybatis\mapper-spring-boot-starter\2.0.2\mapper-spring-boot-starter-2.0.2.jar;G:\apache-maven-3.5.2\repository\tk\mybatis\mapper-core\1.0.2\mapper-core-1.0.2.jar;G:\apache-maven-3.5.2\repository\javax\persistence\persistence-api\1.0\persistence-api-1.0.jar;G:\apache-maven-3.5.2\repository\tk\mybatis\mapper-base\1.0.1\mapper-base-1.0.1.jar;G:\apache-maven-3.5.2\repository\tk\mybatis\mapper-weekend\1.1.3\mapper-weekend-1.1.3.jar;G:\apache-maven-3.5.2\repository\tk\mybatis\mapper-spring\1.0.1\mapper-spring-1.0.1.jar;G:\apache-maven-3.5.2\repository\tk\mybatis\mapper-extra\1.0.1\mapper-extra-1.0.1.jar;G:\apache-maven-3.5.2\repository\tk\mybatis\mapper-spring-boot-autoconfigure\2.0.2\mapper-spring-boot-autoconfigure-2.0.2.jar;G:\apache-maven-3.5.2\repository\com\alibaba\druid\1.1.23\druid-1.1.23.jar;G:\apache-maven-3.5.2\repository\mysql\mysql-connector-java\8.0.27\mysql-connector-java-8.0.27.jar;G:\apache-maven-3.5.2\repository\org\springframework\boot\spring-boot-starter-jdbc\2.6.2\spring-boot-starter-jdbc-2.6.2.jar;G:\apache-maven-3.5.2\repository\com\zaxxer\HikariCP\4.0.3\HikariCP-4.0.3.jar;G:\apache-maven-3.5.2\repository\org\springframework\spring-jdbc\5.3.14\spring-jdbc-5.3.14.jar;G:\apache-maven-3.5.2\repository\org\springframework\spring-tx\5.3.14\spring-tx-5.3.14.jar;G:\apache-maven-3.5.2\repository\org\projectlombok\lombok\1.18.22\lombok-1.18.22.jar;G:\apache-maven-3.5.2\repository\org\springframework\boot\spring-boot-starter-thymeleaf\2.6.2\spring-boot-starter-thymeleaf-2.6.2.jar;G:\apache-maven-3.5.2\repository\org\thymeleaf\thymeleaf-spring5\3.0.14.RELEASE\thymeleaf-spring5-3.0.14.RELEASE.jar;G:\apache-maven-3.5.2\repository\org\thymeleaf\thymeleaf\3.0.14.RELEASE\thymeleaf-3.0.14.RELEASE.jar;G:\apache-maven-3.5.2\repository\org\attoparser\attoparser\2.0.5.RELEASE\attoparser-2.0.5.RELEASE.jar;G:\apache-maven-3.5.2\repository\org\unbescape\unbescape\1.1.6.RELEASE\unbescape-1.1.6.RELEASE.jar;G:\apache-maven-3.5.2\repository\org\thymeleaf\extras\thymeleaf-extras-java8time\3.0.4.RELEASE\thymeleaf-extras-java8time-3.0.4.RELEASE.jar;G:\apache-maven-3.5.2\repository\org\webjars\bootstrap\5.1.3\bootstrap-5.1.3.jar;G:\apache-maven-3.5.2\repository\org\webjars\popper.js\2.9.3\popper.js-2.9.3.jar;G:\apache-maven-3.5.2\repository\org\webjars\jquery\3.6.0\jquery-3.6.0.jar;G:\apache-maven-3.5.2\repository\io\springfox\springfox-swagger2\2.9.2\springfox-swagger2-2.9.2.jar;G:\apache-maven-3.5.2\repository\io\swagger\swagger-annotations\1.5.20\swagger-annotations-1.5.20.jar;G:\apache-maven-3.5.2\repository\io\swagger\swagger-models\1.5.20\swagger-models-1.5.20.jar;G:\apache-maven-3.5.2\repository\com\fasterxml\jackson\core\jackson-annotations\2.13.1\jackson-annotations-2.13.1.jar;G:\apache-maven-3.5.2\repository\io\springfox\springfox-spi\2.9.2\springfox-spi-2.9.2.jar;G:\apache-maven-3.5.2\repository\io\springfox\springfox-core\2.9.2\springfox-core-2.9.2.jar;G:\apache-maven-3.5.2\repository\io\springfox\springfox-schema\2.9.2\springfox-schema-2.9.2.jar;G:\apache-maven-3.5.2\repository\io\springfox\springfox-swagger-common\2.9.2\springfox-swagger-common-2.9.2.jar;G:\apache-maven-3.5.2\repository\io\springfox\springfox-spring-web\2.9.2\springfox-spring-web-2.9.2.jar;G:\apache-maven-3.5.2\repository\com\google\guava\guava\20.0\guava-20.0.jar;G:\apache-maven-3.5.2\repository\com\fasterxml\classmate\1.5.1\classmate-1.5.1.jar;G:\apache-maven-3.5.2\repository\org\slf4j\slf4j-api\1.7.32\slf4j-api-1.7.32.jar;G:\apache-maven-3.5.2\repository\org\springframework\plugin\spring-plugin-core\1.2.0.RELEASE\spring-plugin-core-1.2.0.RELEASE.jar;G:\apache-maven-3.5.2\repository\org\springframework\plugin\spring-plugin-metadata\1.2.0.RELEASE\spring-plugin-metadata-1.2.0.RELEASE.jar;G:\apache-maven-3.5.2\repository\org\mapstruct\mapstruct\1.2.0.Final\mapstruct-1.2.0.Final.jar;G:\apache-maven-3.5.2\repository\io\springfox\springfox-swagger-ui\2.9.2\springfox-swagger-ui-2.9.2.jar;G:\apache-maven-3.5.2\repository\junit\junit\4.13.2\junit-4.13.2.jar;G:\apache-maven-3.5.2\repository\org\hamcrest\hamcrest-core\2.2\hamcrest-core-2.2.jar;G:\apache-maven-3.5.2\repository\org\springframework\boot\spring-boot-starter-test\2.6.2\spring-boot-starter-test-2.6.2.jar;G:\apache-maven-3.5.2\repository\org\springframework\boot\spring-boot-test\2.6.2\spring-boot-test-2.6.2.jar;G:\apache-maven-3.5.2\repository\org\springframework\boot\spring-boot-test-autoconfigure\2.6.2\spring-boot-test-autoconfigure-2.6.2.jar;G:\apache-maven-3.5.2\repository\com\jayway\jsonpath\json-path\2.6.0\json-path-2.6.0.jar;G:\apache-maven-3.5.2\repository\net\minidev\json-smart\2.4.7\json-smart-2.4.7.jar;G:\apache-maven-3.5.2\repository\net\minidev\accessors-smart\2.4.7\accessors-smart-2.4.7.jar;G:\apache-maven-3.5.2\repository\jakarta\xml\bind\jakarta.xml.bind-api\2.3.3\jakarta.xml.bind-api-2.3.3.jar;G:\apache-maven-3.5.2\repository\jakarta\activation\jakarta.activation-api\1.2.2\jakarta.activation-api-1.2.2.jar;G:\apache-maven-3.5.2\repository\org\assertj\assertj-core\3.21.0\assertj-core-3.21.0.jar;G:\apache-maven-3.5.2\repository\org\hamcrest\hamcrest\2.2\hamcrest-2.2.jar;G:\apache-maven-3.5.2\repository\org\junit\jupiter\junit-jupiter\5.8.2\junit-jupiter-5.8.2.jar;G:\apache-maven-3.5.2\repository\org\junit\jupiter\junit-jupiter-api\5.8.2\junit-jupiter-api-5.8.2.jar;G:\apache-maven-3.5.2\repository\org\opentest4j\opentest4j\1.2.0\opentest4j-1.2.0.jar;G:\apache-maven-3.5.2\repository\org\junit\platform\junit-platform-commons\1.8.2\junit-platform-commons-1.8.2.jar;G:\apache-maven-3.5.2\repository\org\apiguardian\apiguardian-api\1.1.2\apiguardian-api-1.1.2.jar;G:\apache-maven-3.5.2\repository\org\junit\jupiter\junit-jupiter-params\5.8.2\junit-jupiter-params-5.8.2.jar;G:\apache-maven-3.5.2\repository\org\junit\jupiter\junit-jupiter-engine\5.8.2\junit-jupiter-engine-5.8.2.jar;G:\apache-maven-3.5.2\repository\org\junit\platform\junit-platform-engine\1.8.2\junit-platform-engine-1.8.2.jar;G:\apache-maven-3.5.2\repository\org\mockito\mockito-core\4.0.0\mockito-core-4.0.0.jar;G:\apache-maven-3.5.2\repository\net\bytebuddy\byte-buddy\1.11.22\byte-buddy-1.11.22.jar;G:\apache-maven-3.5.2\repository\net\bytebuddy\byte-buddy-agent\1.11.22\byte-buddy-agent-1.11.22.jar;G:\apache-maven-3.5.2\repository\org\objenesis\objenesis\3.2\objenesis-3.2.jar;G:\apache-maven-3.5.2\repository\org\mockito\mockito-junit-jupiter\4.0.0\mockito-junit-jupiter-4.0.0.jar;G:\apache-maven-3.5.2\repository\org\skyscreamer\jsonassert\1.5.0\jsonassert-1.5.0.jar;G:\apache-maven-3.5.2\repository\com\vaadin\external\google\android-json\0.0.20131108.vaadin1\android-json-0.0.20131108.vaadin1.jar;G:\apache-maven-3.5.2\repository\org\springframework\spring-core\5.3.14\spring-core-5.3.14.jar;G:\apache-maven-3.5.2\repository\org\springframework\spring-jcl\5.3.14\spring-jcl-5.3.14.jar;G:\apache-maven-3.5.2\repository\org\springframework\spring-test\5.3.14\spring-test-5.3.14.jar;G:\apache-maven-3.5.2\repository\org\xmlunit\xmlunit-core\2.8.4\xmlunit-core-2.8.4.jar;G:\apache-maven-3.5.2\repository\jakarta\validation\jakarta.validation-api\2.0.2\jakarta.validation-api-2.0.2.jar;G:\apache-maven-3.5.2\repository\org\springframework\boot\spring-boot-devtools\2.6.2\spring-boot-devtools-2.6.2.jar;G:\apache-maven-3.5.2\repository\org\springframework\boot\spring-boot\2.6.2\spring-boot-2.6.2.jar;G:\apache-maven-3.5.2\repository\org\springframework\boot\spring-boot-autoconfigure\2.6.2\spring-boot-autoconfigure-2.6.2.jar;G:\apache-maven-3.5.2\repository\com\alibaba\easyexcel\3.0.5\easyexcel-3.0.5.jar;G:\apache-maven-3.5.2\repository\org\apache\poi\poi-ooxml-schemas\4.1.2\poi-ooxml-schemas-4.1.2.jar;G:\apache-maven-3.5.2\repository\org\apache\xmlbeans\xmlbeans\3.1.0\xmlbeans-3.1.0.jar;G:\apache-maven-3.5.2\repository\org\apache\commons\commons-csv\1.8\commons-csv-1.8.jar;G:\apache-maven-3.5.2\repository\cglib\cglib\3.3.0\cglib-3.3.0.jar;G:\apache-maven-3.5.2\repository\org\ow2\asm\asm\7.1\asm-7.1.jar;G:\apache-maven-3.5.2\repository\org\ehcache\ehcache\3.9.9\ehcache-3.9.9.jar;G:\apache-maven-3.5.2\repository\com\alibaba\fastjson\1.2.79\fastjson-1.2.79.jar;G:\apache-maven-3.5.2\repository\commons-io\commons-io\2.11.0\commons-io-2.11.0.jar;G:\apache-maven-3.5.2\repository\commons-fileupload\commons-fileupload\1.4\commons-fileupload-1.4.jar;G:\apache-maven-3.5.2\repository\org\springframework\boot\spring-boot-configuration-processor\2.6.2\spring-boot-configuration-processor-2.6.2.jar;G:\apache-maven-3.5.2\repository\cn\afterturn\easypoi-base\4.4.0\easypoi-base-4.4.0.jar;G:\apache-maven-3.5.2\repository\org\apache\commons\commons-lang3\3.12.0\commons-lang3-3.12.0.jar;G:\apache-maven-3.5.2\repository\ognl\ognl\3.2.6\ognl-3.2.6.jar;G:\apache-maven-3.5.2\repository\org\javassist\javassist\3.20.0-GA\javassist-3.20.0-GA.jar;G:\apache-maven-3.5.2\repository\javax\validation\validation-api\2.0.1.Final\validation-api-2.0.1.Final.jar;G:\apache-maven-3.5.2\repository\cn\afterturn\easypoi-web\4.4.0\easypoi-web-4.4.0.jar;G:\apache-maven-3.5.2\repository\org\springframework\spring-context\5.3.14\spring-context-5.3.14.jar;G:\apache-maven-3.5.2\repository\org\springframework\spring-beans\5.3.14\spring-beans-5.3.14.jar;G:\apache-maven-3.5.2\repository\cn\afterturn\easypoi-annotation\4.4.0\easypoi-annotation-4.4.0.jar;G:\apache-maven-3.5.2\repository\org\apache\poi\poi\4.1.0\poi-4.1.0.jar;G:\apache-maven-3.5.2\repository\commons-codec\commons-codec\1.15\commons-codec-1.15.jar;G:\apache-maven-3.5.2\repository\org\apache\commons\commons-collections4\4.3\commons-collections4-4.3.jar;G:\apache-maven-3.5.2\repository\org\apache\commons\commons-math3\3.6.1\commons-math3-3.6.1.jar;G:\apache-maven-3.5.2\repository\org\apache\poi\poi-ooxml\4.1.0\poi-ooxml-4.1.0.jar;G:\apache-maven-3.5.2\repository\org\apache\commons\commons-compress\1.18\commons-compress-1.18.jar;G:\apache-maven-3.5.2\repository\com\github\virtuald\curvesapi\1.06\curvesapi-1.06.jar;G:\apache-maven-3.5.2\repository\com\github\pagehelper\pagehelper-spring-boot-starter\1.4.1\pagehelper-spring-boot-starter-1.4.1.jar;G:\apache-maven-3.5.2\repository\org\mybatis\spring\boot\mybatis-spring-boot-starter\2.2.0\mybatis-spring-boot-starter-2.2.0.jar;G:\apache-maven-3.5.2\repository\org\mybatis\spring\boot\mybatis-spring-boot-autoconfigure\2.2.0\mybatis-spring-boot-autoconfigure-2.2.0.jar;G:\apache-maven-3.5.2\repository\com\github\pagehelper\pagehelper-spring-boot-autoconfigure\1.4.1\pagehelper-spring-boot-autoconfigure-1.4.1.jar;G:\apache-maven-3.5.2\repository\com\github\pagehelper\pagehelper\5.3.0\pagehelper-5.3.0.jar;G:\apache-maven-3.5.2\repository\com\github\jsqlparser\jsqlparser\4.2\jsqlparser-4.2.jar;"/>
    <property name="java.vm.vendor" value="Oracle Corporation"/>
    <property name="sun.arch.data.model" value="64"/>
    <property name="user.variant" value=""/>
    <property name="java.vendor.url" value="https://java.oracle.com/"/>
    <property name="user.timezone" value="Asia/Shanghai"/>
    <property name="os.name" value="Windows 10"/>
    <property name="java.vm.specification.version" value="14"/>
    <property name="sun.java.launcher" value="SUN_STANDARD"/>
    <property name="user.country" value="CN"/>
    <property name="sun.boot.library.path" value="E:\jdk-14.0.1_windows-x64_bin\jdk-14.0.1\bin"/>
    <property name="sun.java.command" value="C:\Users\Lenovo\AppData\Local\Temp\surefire5425060518001803404\surefirebooter16996428576981877639.jar C:\Users\Lenovo\AppData\Local\Temp\surefire5425060518001803404 2022-05-04T09-39-19_240-jvmRun1 surefire5491221773380754975tmp surefire_012893732978987781750tmp"/>
    <property name="jdk.debug" value="release"/>
    <property name="surefire.test.class.path" value="C:\Users\Lenovo\Desktop\doademo\target\test-classes;C:\Users\Lenovo\Desktop\doademo\target\classes;G:\apache-maven-3.5.2\repository\org\springframework\boot\spring-boot-starter-web\2.6.2\spring-boot-starter-web-2.6.2.jar;G:\apache-maven-3.5.2\repository\org\springframework\boot\spring-boot-starter\2.6.2\spring-boot-starter-2.6.2.jar;G:\apache-maven-3.5.2\repository\org\springframework\boot\spring-boot-starter-logging\2.6.2\spring-boot-starter-logging-2.6.2.jar;G:\apache-maven-3.5.2\repository\ch\qos\logback\logback-classic\1.2.9\logback-classic-1.2.9.jar;G:\apache-maven-3.5.2\repository\ch\qos\logback\logback-core\1.2.9\logback-core-1.2.9.jar;G:\apache-maven-3.5.2\repository\org\apache\logging\log4j\log4j-to-slf4j\2.17.0\log4j-to-slf4j-2.17.0.jar;G:\apache-maven-3.5.2\repository\org\apache\logging\log4j\log4j-api\2.17.0\log4j-api-2.17.0.jar;G:\apache-maven-3.5.2\repository\org\slf4j\jul-to-slf4j\1.7.32\jul-to-slf4j-1.7.32.jar;G:\apache-maven-3.5.2\repository\jakarta\annotation\jakarta.annotation-api\1.3.5\jakarta.annotation-api-1.3.5.jar;G:\apache-maven-3.5.2\repository\org\yaml\snakeyaml\1.29\snakeyaml-1.29.jar;G:\apache-maven-3.5.2\repository\org\springframework\boot\spring-boot-starter-json\2.6.2\spring-boot-starter-json-2.6.2.jar;G:\apache-maven-3.5.2\repository\com\fasterxml\jackson\core\jackson-databind\2.13.1\jackson-databind-2.13.1.jar;G:\apache-maven-3.5.2\repository\com\fasterxml\jackson\core\jackson-core\2.13.1\jackson-core-2.13.1.jar;G:\apache-maven-3.5.2\repository\com\fasterxml\jackson\datatype\jackson-datatype-jdk8\2.13.1\jackson-datatype-jdk8-2.13.1.jar;G:\apache-maven-3.5.2\repository\com\fasterxml\jackson\datatype\jackson-datatype-jsr310\2.13.1\jackson-datatype-jsr310-2.13.1.jar;G:\apache-maven-3.5.2\repository\com\fasterxml\jackson\module\jackson-module-parameter-names\2.13.1\jackson-module-parameter-names-2.13.1.jar;G:\apache-maven-3.5.2\repository\org\springframework\boot\spring-boot-starter-tomcat\2.6.2\spring-boot-starter-tomcat-2.6.2.jar;G:\apache-maven-3.5.2\repository\org\apache\tomcat\embed\tomcat-embed-core\9.0.56\tomcat-embed-core-9.0.56.jar;G:\apache-maven-3.5.2\repository\org\apache\tomcat\embed\tomcat-embed-el\9.0.56\tomcat-embed-el-9.0.56.jar;G:\apache-maven-3.5.2\repository\org\apache\tomcat\embed\tomcat-embed-websocket\9.0.56\tomcat-embed-websocket-9.0.56.jar;G:\apache-maven-3.5.2\repository\org\springframework\spring-web\5.3.14\spring-web-5.3.14.jar;G:\apache-maven-3.5.2\repository\org\springframework\spring-webmvc\5.3.14\spring-webmvc-5.3.14.jar;G:\apache-maven-3.5.2\repository\org\springframework\spring-aop\5.3.14\spring-aop-5.3.14.jar;G:\apache-maven-3.5.2\repository\org\springframework\spring-expression\5.3.14\spring-expression-5.3.14.jar;G:\apache-maven-3.5.2\repository\org\mybatis\mybatis-spring\2.0.5\mybatis-spring-2.0.5.jar;G:\apache-maven-3.5.2\repository\org\mybatis\mybatis\3.5.5\mybatis-3.5.5.jar;G:\apache-maven-3.5.2\repository\tk\mybatis\mapper-spring-boot-starter\2.0.2\mapper-spring-boot-starter-2.0.2.jar;G:\apache-maven-3.5.2\repository\tk\mybatis\mapper-core\1.0.2\mapper-core-1.0.2.jar;G:\apache-maven-3.5.2\repository\javax\persistence\persistence-api\1.0\persistence-api-1.0.jar;G:\apache-maven-3.5.2\repository\tk\mybatis\mapper-base\1.0.1\mapper-base-1.0.1.jar;G:\apache-maven-3.5.2\repository\tk\mybatis\mapper-weekend\1.1.3\mapper-weekend-1.1.3.jar;G:\apache-maven-3.5.2\repository\tk\mybatis\mapper-spring\1.0.1\mapper-spring-1.0.1.jar;G:\apache-maven-3.5.2\repository\tk\mybatis\mapper-extra\1.0.1\mapper-extra-1.0.1.jar;G:\apache-maven-3.5.2\repository\tk\mybatis\mapper-spring-boot-autoconfigure\2.0.2\mapper-spring-boot-autoconfigure-2.0.2.jar;G:\apache-maven-3.5.2\repository\com\alibaba\druid\1.1.23\druid-1.1.23.jar;G:\apache-maven-3.5.2\repository\mysql\mysql-connector-java\8.0.27\mysql-connector-java-8.0.27.jar;G:\apache-maven-3.5.2\repository\org\springframework\boot\spring-boot-starter-jdbc\2.6.2\spring-boot-starter-jdbc-2.6.2.jar;G:\apache-maven-3.5.2\repository\com\zaxxer\HikariCP\4.0.3\HikariCP-4.0.3.jar;G:\apache-maven-3.5.2\repository\org\springframework\spring-jdbc\5.3.14\spring-jdbc-5.3.14.jar;G:\apache-maven-3.5.2\repository\org\springframework\spring-tx\5.3.14\spring-tx-5.3.14.jar;G:\apache-maven-3.5.2\repository\org\projectlombok\lombok\1.18.22\lombok-1.18.22.jar;G:\apache-maven-3.5.2\repository\org\springframework\boot\spring-boot-starter-thymeleaf\2.6.2\spring-boot-starter-thymeleaf-2.6.2.jar;G:\apache-maven-3.5.2\repository\org\thymeleaf\thymeleaf-spring5\3.0.14.RELEASE\thymeleaf-spring5-3.0.14.RELEASE.jar;G:\apache-maven-3.5.2\repository\org\thymeleaf\thymeleaf\3.0.14.RELEASE\thymeleaf-3.0.14.RELEASE.jar;G:\apache-maven-3.5.2\repository\org\attoparser\attoparser\2.0.5.RELEASE\attoparser-2.0.5.RELEASE.jar;G:\apache-maven-3.5.2\repository\org\unbescape\unbescape\1.1.6.RELEASE\unbescape-1.1.6.RELEASE.jar;G:\apache-maven-3.5.2\repository\org\thymeleaf\extras\thymeleaf-extras-java8time\3.0.4.RELEASE\thymeleaf-extras-java8time-3.0.4.RELEASE.jar;G:\apache-maven-3.5.2\repository\org\webjars\bootstrap\5.1.3\bootstrap-5.1.3.jar;G:\apache-maven-3.5.2\repository\org\webjars\popper.js\2.9.3\popper.js-2.9.3.jar;G:\apache-maven-3.5.2\repository\org\webjars\jquery\3.6.0\jquery-3.6.0.jar;G:\apache-maven-3.5.2\repository\io\springfox\springfox-swagger2\2.9.2\springfox-swagger2-2.9.2.jar;G:\apache-maven-3.5.2\repository\io\swagger\swagger-annotations\1.5.20\swagger-annotations-1.5.20.jar;G:\apache-maven-3.5.2\repository\io\swagger\swagger-models\1.5.20\swagger-models-1.5.20.jar;G:\apache-maven-3.5.2\repository\com\fasterxml\jackson\core\jackson-annotations\2.13.1\jackson-annotations-2.13.1.jar;G:\apache-maven-3.5.2\repository\io\springfox\springfox-spi\2.9.2\springfox-spi-2.9.2.jar;G:\apache-maven-3.5.2\repository\io\springfox\springfox-core\2.9.2\springfox-core-2.9.2.jar;G:\apache-maven-3.5.2\repository\io\springfox\springfox-schema\2.9.2\springfox-schema-2.9.2.jar;G:\apache-maven-3.5.2\repository\io\springfox\springfox-swagger-common\2.9.2\springfox-swagger-common-2.9.2.jar;G:\apache-maven-3.5.2\repository\io\springfox\springfox-spring-web\2.9.2\springfox-spring-web-2.9.2.jar;G:\apache-maven-3.5.2\repository\com\google\guava\guava\20.0\guava-20.0.jar;G:\apache-maven-3.5.2\repository\com\fasterxml\classmate\1.5.1\classmate-1.5.1.jar;G:\apache-maven-3.5.2\repository\org\slf4j\slf4j-api\1.7.32\slf4j-api-1.7.32.jar;G:\apache-maven-3.5.2\repository\org\springframework\plugin\spring-plugin-core\1.2.0.RELEASE\spring-plugin-core-1.2.0.RELEASE.jar;G:\apache-maven-3.5.2\repository\org\springframework\plugin\spring-plugin-metadata\1.2.0.RELEASE\spring-plugin-metadata-1.2.0.RELEASE.jar;G:\apache-maven-3.5.2\repository\org\mapstruct\mapstruct\1.2.0.Final\mapstruct-1.2.0.Final.jar;G:\apache-maven-3.5.2\repository\io\springfox\springfox-swagger-ui\2.9.2\springfox-swagger-ui-2.9.2.jar;G:\apache-maven-3.5.2\repository\junit\junit\4.13.2\junit-4.13.2.jar;G:\apache-maven-3.5.2\repository\org\hamcrest\hamcrest-core\2.2\hamcrest-core-2.2.jar;G:\apache-maven-3.5.2\repository\org\springframework\boot\spring-boot-starter-test\2.6.2\spring-boot-starter-test-2.6.2.jar;G:\apache-maven-3.5.2\repository\org\springframework\boot\spring-boot-test\2.6.2\spring-boot-test-2.6.2.jar;G:\apache-maven-3.5.2\repository\org\springframework\boot\spring-boot-test-autoconfigure\2.6.2\spring-boot-test-autoconfigure-2.6.2.jar;G:\apache-maven-3.5.2\repository\com\jayway\jsonpath\json-path\2.6.0\json-path-2.6.0.jar;G:\apache-maven-3.5.2\repository\net\minidev\json-smart\2.4.7\json-smart-2.4.7.jar;G:\apache-maven-3.5.2\repository\net\minidev\accessors-smart\2.4.7\accessors-smart-2.4.7.jar;G:\apache-maven-3.5.2\repository\jakarta\xml\bind\jakarta.xml.bind-api\2.3.3\jakarta.xml.bind-api-2.3.3.jar;G:\apache-maven-3.5.2\repository\jakarta\activation\jakarta.activation-api\1.2.2\jakarta.activation-api-1.2.2.jar;G:\apache-maven-3.5.2\repository\org\assertj\assertj-core\3.21.0\assertj-core-3.21.0.jar;G:\apache-maven-3.5.2\repository\org\hamcrest\hamcrest\2.2\hamcrest-2.2.jar;G:\apache-maven-3.5.2\repository\org\junit\jupiter\junit-jupiter\5.8.2\junit-jupiter-5.8.2.jar;G:\apache-maven-3.5.2\repository\org\junit\jupiter\junit-jupiter-api\5.8.2\junit-jupiter-api-5.8.2.jar;G:\apache-maven-3.5.2\repository\org\opentest4j\opentest4j\1.2.0\opentest4j-1.2.0.jar;G:\apache-maven-3.5.2\repository\org\junit\platform\junit-platform-commons\1.8.2\junit-platform-commons-1.8.2.jar;G:\apache-maven-3.5.2\repository\org\apiguardian\apiguardian-api\1.1.2\apiguardian-api-1.1.2.jar;G:\apache-maven-3.5.2\repository\org\junit\jupiter\junit-jupiter-params\5.8.2\junit-jupiter-params-5.8.2.jar;G:\apache-maven-3.5.2\repository\org\junit\jupiter\junit-jupiter-engine\5.8.2\junit-jupiter-engine-5.8.2.jar;G:\apache-maven-3.5.2\repository\org\junit\platform\junit-platform-engine\1.8.2\junit-platform-engine-1.8.2.jar;G:\apache-maven-3.5.2\repository\org\mockito\mockito-core\4.0.0\mockito-core-4.0.0.jar;G:\apache-maven-3.5.2\repository\net\bytebuddy\byte-buddy\1.11.22\byte-buddy-1.11.22.jar;G:\apache-maven-3.5.2\repository\net\bytebuddy\byte-buddy-agent\1.11.22\byte-buddy-agent-1.11.22.jar;G:\apache-maven-3.5.2\repository\org\objenesis\objenesis\3.2\objenesis-3.2.jar;G:\apache-maven-3.5.2\repository\org\mockito\mockito-junit-jupiter\4.0.0\mockito-junit-jupiter-4.0.0.jar;G:\apache-maven-3.5.2\repository\org\skyscreamer\jsonassert\1.5.0\jsonassert-1.5.0.jar;G:\apache-maven-3.5.2\repository\com\vaadin\external\google\android-json\0.0.20131108.vaadin1\android-json-0.0.20131108.vaadin1.jar;G:\apache-maven-3.5.2\repository\org\springframework\spring-core\5.3.14\spring-core-5.3.14.jar;G:\apache-maven-3.5.2\repository\org\springframework\spring-jcl\5.3.14\spring-jcl-5.3.14.jar;G:\apache-maven-3.5.2\repository\org\springframework\spring-test\5.3.14\spring-test-5.3.14.jar;G:\apache-maven-3.5.2\repository\org\xmlunit\xmlunit-core\2.8.4\xmlunit-core-2.8.4.jar;G:\apache-maven-3.5.2\repository\jakarta\validation\jakarta.validation-api\2.0.2\jakarta.validation-api-2.0.2.jar;G:\apache-maven-3.5.2\repository\org\springframework\boot\spring-boot-devtools\2.6.2\spring-boot-devtools-2.6.2.jar;G:\apache-maven-3.5.2\repository\org\springframework\boot\spring-boot\2.6.2\spring-boot-2.6.2.jar;G:\apache-maven-3.5.2\repository\org\springframework\boot\spring-boot-autoconfigure\2.6.2\spring-boot-autoconfigure-2.6.2.jar;G:\apache-maven-3.5.2\repository\com\alibaba\easyexcel\3.0.5\easyexcel-3.0.5.jar;G:\apache-maven-3.5.2\repository\org\apache\poi\poi-ooxml-schemas\4.1.2\poi-ooxml-schemas-4.1.2.jar;G:\apache-maven-3.5.2\repository\org\apache\xmlbeans\xmlbeans\3.1.0\xmlbeans-3.1.0.jar;G:\apache-maven-3.5.2\repository\org\apache\commons\commons-csv\1.8\commons-csv-1.8.jar;G:\apache-maven-3.5.2\repository\cglib\cglib\3.3.0\cglib-3.3.0.jar;G:\apache-maven-3.5.2\repository\org\ow2\asm\asm\7.1\asm-7.1.jar;G:\apache-maven-3.5.2\repository\org\ehcache\ehcache\3.9.9\ehcache-3.9.9.jar;G:\apache-maven-3.5.2\repository\com\alibaba\fastjson\1.2.79\fastjson-1.2.79.jar;G:\apache-maven-3.5.2\repository\commons-io\commons-io\2.11.0\commons-io-2.11.0.jar;G:\apache-maven-3.5.2\repository\commons-fileupload\commons-fileupload\1.4\commons-fileupload-1.4.jar;G:\apache-maven-3.5.2\repository\org\springframework\boot\spring-boot-configuration-processor\2.6.2\spring-boot-configuration-processor-2.6.2.jar;G:\apache-maven-3.5.2\repository\cn\afterturn\easypoi-base\4.4.0\easypoi-base-4.4.0.jar;G:\apache-maven-3.5.2\repository\org\apache\commons\commons-lang3\3.12.0\commons-lang3-3.12.0.jar;G:\apache-maven-3.5.2\repository\ognl\ognl\3.2.6\ognl-3.2.6.jar;G:\apache-maven-3.5.2\repository\org\javassist\javassist\3.20.0-GA\javassist-3.20.0-GA.jar;G:\apache-maven-3.5.2\repository\javax\validation\validation-api\2.0.1.Final\validation-api-2.0.1.Final.jar;G:\apache-maven-3.5.2\repository\cn\afterturn\easypoi-web\4.4.0\easypoi-web-4.4.0.jar;G:\apache-maven-3.5.2\repository\org\springframework\spring-context\5.3.14\spring-context-5.3.14.jar;G:\apache-maven-3.5.2\repository\org\springframework\spring-beans\5.3.14\spring-beans-5.3.14.jar;G:\apache-maven-3.5.2\repository\cn\afterturn\easypoi-annotation\4.4.0\easypoi-annotation-4.4.0.jar;G:\apache-maven-3.5.2\repository\org\apache\poi\poi\4.1.0\poi-4.1.0.jar;G:\apache-maven-3.5.2\repository\commons-codec\commons-codec\1.15\commons-codec-1.15.jar;G:\apache-maven-3.5.2\repository\org\apache\commons\commons-collections4\4.3\commons-collections4-4.3.jar;G:\apache-maven-3.5.2\repository\org\apache\commons\commons-math3\3.6.1\commons-math3-3.6.1.jar;G:\apache-maven-3.5.2\repository\org\apache\poi\poi-ooxml\4.1.0\poi-ooxml-4.1.0.jar;G:\apache-maven-3.5.2\repository\org\apache\commons\commons-compress\1.18\commons-compress-1.18.jar;G:\apache-maven-3.5.2\repository\com\github\virtuald\curvesapi\1.06\curvesapi-1.06.jar;G:\apache-maven-3.5.2\repository\com\github\pagehelper\pagehelper-spring-boot-starter\1.4.1\pagehelper-spring-boot-starter-1.4.1.jar;G:\apache-maven-3.5.2\repository\org\mybatis\spring\boot\mybatis-spring-boot-starter\2.2.0\mybatis-spring-boot-starter-2.2.0.jar;G:\apache-maven-3.5.2\repository\org\mybatis\spring\boot\mybatis-spring-boot-autoconfigure\2.2.0\mybatis-spring-boot-autoconfigure-2.2.0.jar;G:\apache-maven-3.5.2\repository\com\github\pagehelper\pagehelper-spring-boot-autoconfigure\1.4.1\pagehelper-spring-boot-autoconfigure-1.4.1.jar;G:\apache-maven-3.5.2\repository\com\github\pagehelper\pagehelper\5.3.0\pagehelper-5.3.0.jar;G:\apache-maven-3.5.2\repository\com\github\jsqlparser\jsqlparser\4.2\jsqlparser-4.2.jar;"/>
    <property name="sun.cpu.endian" value="little"/>
    <property name="user.home" value="C:\Users\Lenovo"/>
    <property name="user.language" value="zh"/>
    <property name="java.specification.vendor" value="Oracle Corporation"/>
    <property name="java.version.date" value="2020-04-14"/>
    <property name="java.home" value="E:\jdk-14.0.1_windows-x64_bin\jdk-14.0.1"/>
    <property name="file.separator" value="\"/>
    <property name="basedir" value="C:\Users\Lenovo\Desktop\doademo"/>
    <property name="java.vm.compressedOopsMode" value="32-bit"/>
    <property name="line.separator" value="&#10;"/>
    <property name="java.vm.specification.vendor" value="Oracle Corporation"/>
    <property name="java.specification.name" value="Java Platform API Specification"/>
    <property name="idea.version2020.1.1" value="true"/>
    <property name="surefire.real.class.path" value="C:\Users\Lenovo\AppData\Local\Temp\surefire5425060518001803404\surefirebooter16996428576981877639.jar"/>
    <property name="user.script" value=""/>
    <property name="sun.management.compiler" value="HotSpot 64-Bit Tiered Compilers"/>
    <property name="java.runtime.version" value="14.0.1+7"/>
    <property name="user.name" value="Lenovo"/>
    <property name="path.separator" value=";"/>
    <property name="os.version" value="10.0"/>
    <property name="java.runtime.name" value="Java(TM) SE Runtime Environment"/>
    <property name="file.encoding" value="GBK"/>
    <property name="java.vm.name" value="Java HotSpot(TM) 64-Bit Server VM"/>
    <property name="localRepository" value="G:\apache-maven-3.5.2\repository"/>
    <property name="java.vendor.url.bug" value="https://bugreport.java.com/bugreport/"/>
    <property name="java.io.tmpdir" value="C:\Users\Lenovo\AppData\Local\Temp\"/>
    <property name="java.version" value="14.0.1"/>
    <property name="user.dir" value="C:\Users\Lenovo\Desktop\doademo"/>
    <property name="os.arch" value="amd64"/>
    <property name="java.vm.specification.name" value="Java Virtual Machine Specification"/>
    <property name="sun.os.patch.level" value=""/>
    <property name="java.library.path" value="E:\jdk-14.0.1_windows-x64_bin\jdk-14.0.1\bin;C:\WINDOWS\Sun\Java\bin;C:\WINDOWS\system32;C:\WINDOWS;C:\Program Files (x86)\Intel\iCLS Client\;C:\Program Files\Intel\iCLS Client\;C:\Windows\system32;C:\Windows;C:\Windows\System32\Wbem;C:\Windows\System32\WindowsPowerShell\v1.0\;C:\Program Files (x86)\NVIDIA Corporation\PhysX\Common;C:\Program Files (x86)\Intel\Intel(R) Management Engine Components\DAL;C:\Program Files\Intel\Intel(R) Management Engine Components\DAL;C:\Program Files (x86)\Intel\Intel(R) Management Engine Components\IPT;C:\Program Files\Intel\Intel(R) Management Engine Components\IPT;C:\WINDOWS\system32;C:\WINDOWS;C:\WINDOWS\System32\Wbem;C:\WINDOWS\System32\WindowsPowerShell\v1.0\;C:\WINDOWS\System32\OpenSSH\;C:\Program Files\Microsoft SQL Server\Client SDK\ODBC\110\Tools\Binn\;C:\Program Files (x86)\Microsoft SQL Server\120\Tools\Binn\;C:\Program Files\Microsoft SQL Server\120\Tools\Binn\;C:\Program Files\Microsoft SQL Server\120\DTS\Binn\;C:\Program Files (x86)\Windows Kits\8.1\Windows Performance Toolkit\;C:\Program Files\dotnet\;C:\Program Files\Microsoft SQL Server\130\Tools\Binn\;E:\MATLAB\runtime\win64;E:\MATLAB\bin;F:\Program Files\MATLAB\R2018a\runtime\win64;F:\Program Files\MATLAB\R2018a\bin;E:\MATLAB\polyspace\bin;E:\Git\cmd;E:\jdk-14.0.1_windows-x64_bin\jdk-14.0.1\bin;E:\jdk-14.0.1_windows-x64_bin\jdk-14.0.1\jre\bin;E:\Mysql\bin;G:\apache-maven-3.5.2\bin;C:\ProgramData\chocolatey\bin;F:\nodejs\;C:\Users\Lenovo\AppData\Local\Microsoft\WindowsApps;F:\nodejs;E:\Pycharm\PyCharm 2021.1.1\bin;;C:\Users\Lenovo\PycharmProjects\pythonProject\venv\Scripts;C:\Users\Lenovo\AppData\Roaming\npm;."/>
    <property name="java.vm.info" value="mixed mode, sharing"/>
    <property name="java.vendor" value="Oracle Corporation"/>
    <property name="java.vm.version" value="14.0.1+7"/>
    <property name="sun.io.unicode.encoding" value="UnicodeLittle"/>
    <property name="java.class.version" value="58.0"/>
  </properties>
  <testcase name="contextLoads" classname="com.yjlhz.doademo.DoademoApplicationTests" time="0.001">
    <error message="Failed to load ApplicationContext" type="java.lang.IllegalStateException">java.lang.IllegalStateException: Failed to load ApplicationContext
Caused by: org.springframework.beans.factory.UnsatisfiedDependencyException: Error creating bean with name 'objectiveController': Unsatisfied dependency expressed through field 'problemObjectiveService'; nested exception is org.springframework.beans.factory.NoSuchBeanDefinitionException: No qualifying bean of type 'com.yjlhz.doademo.service.ProblemObjectiveService' available: expected at least 1 bean which qualifies as autowire candidate. Dependency annotations: {@org.springframework.beans.factory.annotation.Autowired(required=true)}
Caused by: org.springframework.beans.factory.NoSuchBeanDefinitionException: No qualifying bean of type 'com.yjlhz.doademo.service.ProblemObjectiveService' available: expected at least 1 bean which qualifies as autowire candidate. Dependency annotations: {@org.springframework.beans.factory.annotation.Autowired(required=true)}
</error>
    <system-out><![CDATA[09:39:21.531 [main] DEBUG org.springframework.test.context.BootstrapUtils - Instantiating CacheAwareContextLoaderDelegate from class [org.springframework.test.context.cache.DefaultCacheAwareContextLoaderDelegate]
09:39:21.575 [main] DEBUG org.springframework.test.context.BootstrapUtils - Instantiating BootstrapContext using constructor [public org.springframework.test.context.support.DefaultBootstrapContext(java.lang.Class,org.springframework.test.context.CacheAwareContextLoaderDelegate)]
09:39:21.651 [main] DEBUG org.springframework.test.context.BootstrapUtils - Instantiating TestContextBootstrapper for test class [com.yjlhz.doademo.DoademoApplicationTests] from class [org.springframework.boot.test.context.SpringBootTestContextBootstrapper]
09:39:21.669 [main] INFO org.springframework.boot.test.context.SpringBootTestContextBootstrapper - Neither @ContextConfiguration nor @ContextHierarchy found for test class [com.yjlhz.doademo.DoademoApplicationTests], using SpringBootContextLoader
09:39:21.675 [main] DEBUG org.springframework.test.context.support.AbstractContextLoader - Did not detect default resource location for test class [com.yjlhz.doademo.DoademoApplicationTests]: class path resource [com/yjlhz/doademo/DoademoApplicationTests-context.xml] does not exist
09:39:21.676 [main] DEBUG org.springframework.test.context.support.AbstractContextLoader - Did not detect default resource location for test class [com.yjlhz.doademo.DoademoApplicationTests]: class path resource [com/yjlhz/doademo/DoademoApplicationTestsContext.groovy] does not exist
09:39:21.676 [main] INFO org.springframework.test.context.support.AbstractContextLoader - Could not detect default resource locations for test class [com.yjlhz.doademo.DoademoApplicationTests]: no resource found for suffixes {-context.xml, Context.groovy}.
09:39:21.677 [main] INFO org.springframework.test.context.support.AnnotationConfigContextLoaderUtils - Could not detect default configuration classes for test class [com.yjlhz.doademo.DoademoApplicationTests]: DoademoApplicationTests does not declare any static, non-private, non-final, nested classes annotated with @Configuration.
09:39:21.926 [main] DEBUG org.springframework.test.context.support.ActiveProfilesUtils - Could not find an 'annotation declaring class' for annotation type [org.springframework.test.context.ActiveProfiles] and class [com.yjlhz.doademo.DoademoApplicationTests]
09:39:22.143 [main] DEBUG org.springframework.context.annotation.ClassPathScanningCandidateComponentProvider - Identified candidate component class: file [C:\Users\Lenovo\Desktop\doademo\target\classes\com\yjlhz\doademo\DoademoApplication.class]
09:39:22.144 [main] INFO org.springframework.boot.test.context.SpringBootTestContextBootstrapper - Found @SpringBootConfiguration com.yjlhz.doademo.DoademoApplication for test class com.yjlhz.doademo.DoademoApplicationTests
09:39:22.442 [main] DEBUG org.springframework.boot.test.context.SpringBootTestContextBootstrapper - @TestExecutionListeners is not present for class [com.yjlhz.doademo.DoademoApplicationTests]: using defaults.
09:39:22.443 [main] INFO org.springframework.boot.test.context.SpringBootTestContextBootstrapper - Loaded default TestExecutionListener class names from location [META-INF/spring.factories]: [org.springframework.boot.test.mock.mockito.MockitoTestExecutionListener, org.springframework.boot.test.mock.mockito.ResetMocksTestExecutionListener, org.springframework.boot.test.autoconfigure.restdocs.RestDocsTestExecutionListener, org.springframework.boot.test.autoconfigure.web.client.MockRestServiceServerResetTestExecutionListener, org.springframework.boot.test.autoconfigure.web.servlet.MockMvcPrintOnlyOnFailureTestExecutionListener, org.springframework.boot.test.autoconfigure.web.servlet.WebDriverTestExecutionListener, org.springframework.boot.test.autoconfigure.webservices.client.MockWebServiceServerTestExecutionListener, org.springframework.test.context.web.ServletTestExecutionListener, org.springframework.test.context.support.DirtiesContextBeforeModesTestExecutionListener, org.springframework.test.context.event.ApplicationEventsTestExecutionListener, org.springframework.test.context.support.DependencyInjectionTestExecutionListener, org.springframework.test.context.support.DirtiesContextTestExecutionListener, org.springframework.test.context.transaction.TransactionalTestExecutionListener, org.springframework.test.context.jdbc.SqlScriptsTestExecutionListener, org.springframework.test.context.event.EventPublishingTestExecutionListener]
09:39:22.504 [main] INFO org.springframework.boot.test.context.SpringBootTestContextBootstrapper - Using TestExecutionListeners: [org.springframework.test.context.web.ServletTestExecutionListener@77128536, org.springframework.test.context.support.DirtiesContextBeforeModesTestExecutionListener@58326051, org.springframework.test.context.event.ApplicationEventsTestExecutionListener@32c4e8b2, org.springframework.boot.test.mock.mockito.MockitoTestExecutionListener@64bce832, org.springframework.boot.test.autoconfigure.SpringBootDependencyInjectionTestExecutionListener@764faa6, org.springframework.test.context.support.DirtiesContextTestExecutionListener@4c1f22f3, org.springframework.test.context.transaction.TransactionalTestExecutionListener@598bd2ba, org.springframework.test.context.jdbc.SqlScriptsTestExecutionListener@5a755cc1, org.springframework.test.context.event.EventPublishingTestExecutionListener@7ae42ce3, org.springframework.boot.test.mock.mockito.ResetMocksTestExecutionListener@4f5991f6, org.springframework.boot.test.autoconfigure.restdocs.RestDocsTestExecutionListener@484094a5, org.springframework.boot.test.autoconfigure.web.client.MockRestServiceServerResetTestExecutionListener@38234a38, org.springframework.boot.test.autoconfigure.web.servlet.MockMvcPrintOnlyOnFailureTestExecutionListener@63fbfaeb, org.springframework.boot.test.autoconfigure.web.servlet.WebDriverTestExecutionListener@602e0143, org.springframework.boot.test.autoconfigure.webservices.client.MockWebServiceServerTestExecutionListener@2c07545f]
09:39:22.511 [main] DEBUG org.springframework.test.context.support.AbstractDirtiesContextTestExecutionListener - Before test class: context [DefaultTestContext@e70f13a testClass = DoademoApplicationTests, testInstance = [null], testMethod = [null], testException = [null], mergedContextConfiguration = [WebMergedContextConfiguration@3d3e5463 testClass = DoademoApplicationTests, locations = '{}', classes = '{class com.yjlhz.doademo.DoademoApplication}', contextInitializerClasses = '[]', activeProfiles = '{}', propertySourceLocations = '{}', propertySourceProperties = '{org.springframework.boot.test.context.SpringBootTestContextBootstrapper=true}', contextCustomizers = set[org.springframework.boot.test.context.filter.ExcludeFilterContextCustomizer@3e11f9e9, org.springframework.boot.test.json.DuplicateJsonObjectContextCustomizerFactory$DuplicateJsonObjectContextCustomizer@31fa1761, org.springframework.boot.test.mock.mockito.MockitoContextCustomizer@0, org.springframework.boot.test.web.client.TestRestTemplateContextCustomizer@26e356f0, org.springframework.boot.test.autoconfigure.actuate.metrics.MetricsExportContextCustomizerFactory$DisableMetricExportContextCustomizer@428640fa, org.springframework.boot.test.autoconfigure.properties.PropertyMappingContextCustomizer@0, org.springframework.boot.test.autoconfigure.web.servlet.WebDriverContextCustomizerFactory$Customizer@2e3967ea, org.springframework.boot.test.context.SpringBootTestArgs@1, org.springframework.boot.test.context.SpringBootTestWebEnvironment@543c6f6d], resourceBasePath = 'src/main/webapp', contextLoader = 'org.springframework.boot.test.context.SpringBootContextLoader', parent = [null]], attributes = map['org.springframework.test.context.web.ServletTestExecutionListener.activateListener' -> true]], class annotated with @DirtiesContext [false] with mode [null].
09:39:22.746 [main] DEBUG org.springframework.boot.ApplicationServletEnvironment - Activating profiles []
09:39:22.747 [main] DEBUG org.springframework.test.context.support.TestPropertySourceUtils - Adding inlined properties to environment: {spring.jmx.enabled=false, org.springframework.boot.test.context.SpringBootTestContextBootstrapper=true}
////////////////////////////////////////////////////////////////////
//                          _ooOoo_                               //
//                         o8888888o                              //
//                         88" . "88                              //
//                         (| ^_^ |)                              //
//                         O\  =  /O                              //
//                      ____/`---'\____                           //
//                    .'  \\|     |//  `.                         //
//                   /  \\|||  :  |||//  \                        //
//                  /  _||||| -:- |||||-  \                       //
//                  |   | \\\  -  /// |   |                       //
//                  | \_|  ''\---/''  |   |                       //
//                  \  .-\__  `-`  ___/-. /                       //
//                ___`. .'  /--.--\  `. . ___                     //
//              ."" '<  `.___\_<|>_/___.'  >'"".                  //
//            | | :  `- \`.;`\ _ /`;.`/ - ` : | |                 //
//            \  \ `-.   \_ __\ /__ _/   .-` /  /                 //
//      ========`-.____`-.___\_____/___.-`____.-'========         //
//                           `=---='                              //
//      ^^^^^^^^^^^^^^^^^^^^^^^^^^^^^^^^^^^^^^^^^^^^^^^^^^        //
//            佛祖保佑       永不宕机     永无BUG                    //
////////////////////////////////////////////////////////////////////
2022-05-04 09:39:23.493  INFO 30664 --- [           main] c.yjlhz.doademo.DoademoApplicationTests  : Starting DoademoApplicationTests using Java 14.0.1 on LAPTOP-QHK670AU with PID 30664 (started by Lenovo in C:\Users\Lenovo\Desktop\doademo)
2022-05-04 09:39:23.495 DEBUG 30664 --- [           main] c.yjlhz.doademo.DoademoApplicationTests  : Running with Spring Boot v2.6.2, Spring v5.3.14
2022-05-04 09:39:23.495  INFO 30664 --- [           main] c.yjlhz.doademo.DoademoApplicationTests  : No active profile set, falling back to default profiles: default
2022-05-04 09:39:25.509  WARN 30664 --- [           main] o.m.s.mapper.ClassPathMapperScanner      : Skipping MapperFactoryBean with name 'courseMapper' and 'com.yjlhz.doademo.mapper.CourseMapper' mapperInterface. Bean already defined with the same name!
2022-05-04 09:39:25.511  WARN 30664 --- [           main] o.m.s.mapper.ClassPathMapperScanner      : Skipping MapperFactoryBean with name 'courseScoreMapper' and 'com.yjlhz.doademo.mapper.CourseScoreMapper' mapperInterface. Bean already defined with the same name!
2022-05-04 09:39:25.512  WARN 30664 --- [           main] o.m.s.mapper.ClassPathMapperScanner      : Skipping MapperFactoryBean with name 'examineMapper' and 'com.yjlhz.doademo.mapper.ExamineMapper' mapperInterface. Bean already defined with the same name!
2022-05-04 09:39:25.513  WARN 30664 --- [           main] o.m.s.mapper.ClassPathMapperScanner      : Skipping MapperFactoryBean with name 'majorMapper' and 'com.yjlhz.doademo.mapper.MajorMapper' mapperInterface. Bean already defined with the same name!
2022-05-04 09:39:25.514  WARN 30664 --- [           main] o.m.s.mapper.ClassPathMapperScanner      : Skipping MapperFactoryBean with name 'objectiveMapper' and 'com.yjlhz.doademo.mapper.ObjectiveMapper' mapperInterface. Bean already defined with the same name!
2022-05-04 09:39:25.515  WARN 30664 --- [           main] o.m.s.mapper.ClassPathMapperScanner      : Skipping MapperFactoryBean with name 'planCourseMapper' and 'com.yjlhz.doademo.mapper.PlanCourseMapper' mapperInterface. Bean already defined with the same name!
2022-05-04 09:39:25.516  WARN 30664 --- [           main] o.m.s.mapper.ClassPathMapperScanner      : Skipping MapperFactoryBean with name 'planMapper' and 'com.yjlhz.doademo.mapper.PlanMapper' mapperInterface. Bean already defined with the same name!
2022-05-04 09:39:25.517  WARN 30664 --- [           main] o.m.s.mapper.ClassPathMapperScanner      : Skipping MapperFactoryBean with name 'planRequirementMapper' and 'com.yjlhz.doademo.mapper.PlanRequirementMapper' mapperInterface. Bean already defined with the same name!
2022-05-04 09:39:25.517  WARN 30664 --- [           main] o.m.s.mapper.ClassPathMapperScanner      : Skipping MapperFactoryBean with name 'problemMapper' and 'com.yjlhz.doademo.mapper.ProblemMapper' mapperInterface. Bean already defined with the same name!
2022-05-04 09:39:25.518  WARN 30664 --- [           main] o.m.s.mapper.ClassPathMapperScanner      : Skipping MapperFactoryBean with name 'problemObjectiveMapper' and 'com.yjlhz.doademo.mapper.ProblemObjectiveMapper' mapperInterface. Bean already defined with the same name!
2022-05-04 09:39:25.519  WARN 30664 --- [           main] o.m.s.mapper.ClassPathMapperScanner      : Skipping MapperFactoryBean with name 'problemRequirementMapper' and 'com.yjlhz.doademo.mapper.ProblemRequirementMapper' mapperInterface. Bean already defined with the same name!
2022-05-04 09:39:25.520  WARN 30664 --- [           main] o.m.s.mapper.ClassPathMapperScanner      : Skipping MapperFactoryBean with name 'requirementMapper' and 'com.yjlhz.doademo.mapper.RequirementMapper' mapperInterface. Bean already defined with the same name!
2022-05-04 09:39:25.520  WARN 30664 --- [           main] o.m.s.mapper.ClassPathMapperScanner      : Skipping MapperFactoryBean with name 'studentCourseMapper' and 'com.yjlhz.doademo.mapper.StudentCourseMapper' mapperInterface. Bean already defined with the same name!
2022-05-04 09:39:25.520  WARN 30664 --- [           main] o.m.s.mapper.ClassPathMapperScanner      : Skipping MapperFactoryBean with name 'studentMapper' and 'com.yjlhz.doademo.mapper.StudentMapper' mapperInterface. Bean already defined with the same name!
2022-05-04 09:39:25.521  WARN 30664 --- [           main] o.m.s.mapper.ClassPathMapperScanner      : Skipping MapperFactoryBean with name 'studentProblemMapper' and 'com.yjlhz.doademo.mapper.StudentProblemMapper' mapperInterface. Bean already defined with the same name!
2022-05-04 09:39:25.521  WARN 30664 --- [           main] o.m.s.mapper.ClassPathMapperScanner      : Skipping MapperFactoryBean with name 'userMapper' and 'com.yjlhz.doademo.mapper.UserMapper' mapperInterface. Bean already defined with the same name!
2022-05-04 09:39:25.525  WARN 30664 --- [           main] o.m.s.mapper.ClassPathMapperScanner      : No MyBatis mapper was found in '[com.yjlhz.doademo]' package. Please check your configuration.
Logging initialized using 'class org.apache.ibatis.logging.stdout.StdOutImpl' adapter.
2022-05-04 09:39:27.537  WARN 30664 --- [           main] o.s.w.c.s.GenericWebApplicationContext   : Exception encountered during context initialization - cancelling refresh attempt: org.springframework.beans.factory.UnsatisfiedDependencyException: Error creating bean with name 'objectiveController': Unsatisfied dependency expressed through field 'problemObjectiveService'; nested exception is org.springframework.beans.factory.NoSuchBeanDefinitionException: No qualifying bean of type 'com.yjlhz.doademo.service.ProblemObjectiveService' available: expected at least 1 bean which qualifies as autowire candidate. Dependency annotations: {@org.springframework.beans.factory.annotation.Autowired(required=true)}
2022-05-04 09:39:27.539  INFO 30664 --- [           main] com.alibaba.druid.pool.DruidDataSource   : {dataSource-0} closing ...
2022-05-04 09:39:27.553  INFO 30664 --- [           main] ConditionEvaluationReportLoggingListener : 

Error starting ApplicationContext. To display the conditions report re-run your application with 'debug' enabled.
2022-05-04 09:39:27.603 ERROR 30664 --- [           main] o.s.b.d.LoggingFailureAnalysisReporter   : 

***************************
APPLICATION FAILED TO START
***************************

Description:

Field problemObjectiveService in com.yjlhz.doademo.controller.ObjectiveController required a bean of type 'com.yjlhz.doademo.service.ProblemObjectiveService' that could not be found.

The injection point has the following annotations:
	- @org.springframework.beans.factory.annotation.Autowired(required=true)


Action:

Consider defining a bean of type 'com.yjlhz.doademo.service.ProblemObjectiveService' in your configuration.

2022-05-04 09:39:27.646 ERROR 30664 --- [           main] o.s.test.context.TestContextManager      : Caught exception while allowing TestExecutionListener [org.springframework.test.context.web.ServletTestExecutionListener@77128536] to prepare test instance [com.yjlhz.doademo.DoademoApplicationTests@175c5c3a]

java.lang.IllegalStateException: Failed to load ApplicationContext
	at org.springframework.test.context.cache.DefaultCacheAwareContextLoaderDelegate.loadContext(DefaultCacheAwareContextLoaderDelegate.java:132) ~[spring-test-5.3.14.jar:5.3.14]
	at org.springframework.test.context.support.DefaultTestContext.getApplicationContext(DefaultTestContext.java:124) ~[spring-test-5.3.14.jar:5.3.14]
	at org.springframework.test.context.web.ServletTestExecutionListener.setUpRequestContextIfNecessary(ServletTestExecutionListener.java:190) ~[spring-test-5.3.14.jar:5.3.14]
	at org.springframework.test.context.web.ServletTestExecutionListener.prepareTestInstance(ServletTestExecutionListener.java:132) ~[spring-test-5.3.14.jar:5.3.14]
	at org.springframework.test.context.TestContextManager.prepareTestInstance(TestContextManager.java:248) ~[spring-test-5.3.14.jar:5.3.14]
	at org.springframework.test.context.junit.jupiter.SpringExtension.postProcessTestInstance(SpringExtension.java:138) ~[spring-test-5.3.14.jar:5.3.14]
	at org.junit.jupiter.engine.descriptor.ClassBasedTestDescriptor.lambda$invokeTestInstancePostProcessors$8(ClassBasedTestDescriptor.java:363) ~[junit-jupiter-engine-5.8.2.jar:5.8.2]
	at org.junit.jupiter.engine.descriptor.ClassBasedTestDescriptor.executeAndMaskThrowable(ClassBasedTestDescriptor.java:368) ~[junit-jupiter-engine-5.8.2.jar:5.8.2]
	at org.junit.jupiter.engine.descriptor.ClassBasedTestDescriptor.lambda$invokeTestInstancePostProcessors$9(ClassBasedTestDescriptor.java:363) ~[junit-jupiter-engine-5.8.2.jar:5.8.2]
	at java.base/java.util.stream.ReferencePipeline$3$1.accept(ReferencePipeline.java:195) ~[na:na]
	at java.base/java.util.stream.ReferencePipeline$2$1.accept(ReferencePipeline.java:177) ~[na:na]
	at java.base/java.util.ArrayList$ArrayListSpliterator.forEachRemaining(ArrayList.java:1624) ~[na:na]
	at java.base/java.util.stream.AbstractPipeline.copyInto(AbstractPipeline.java:484) ~[na:na]
	at java.base/java.util.stream.AbstractPipeline.wrapAndCopyInto(AbstractPipeline.java:474) ~[na:na]
	at java.base/java.util.stream.StreamSpliterators$WrappingSpliterator.forEachRemaining(StreamSpliterators.java:312) ~[na:na]
	at java.base/java.util.stream.Streams$ConcatSpliterator.forEachRemaining(Streams.java:735) ~[na:na]
	at java.base/java.util.stream.Streams$ConcatSpliterator.forEachRemaining(Streams.java:734) ~[na:na]
	at java.base/java.util.stream.ReferencePipeline$Head.forEach(ReferencePipeline.java:658) ~[na:na]
	at org.junit.jupiter.engine.descriptor.ClassBasedTestDescriptor.invokeTestInstancePostProcessors(ClassBasedTestDescriptor.java:362) ~[junit-jupiter-engine-5.8.2.jar:5.8.2]
	at org.junit.jupiter.engine.descriptor.ClassBasedTestDescriptor.lambda$instantiateAndPostProcessTestInstance$6(ClassBasedTestDescriptor.java:283) ~[junit-jupiter-engine-5.8.2.jar:5.8.2]
	at org.junit.platform.engine.support.hierarchical.ThrowableCollector.execute(ThrowableCollector.java:73) ~[junit-platform-engine-1.8.2.jar:1.8.2]
	at org.junit.jupiter.engine.descriptor.ClassBasedTestDescriptor.instantiateAndPostProcessTestInstance(ClassBasedTestDescriptor.java:282) ~[junit-jupiter-engine-5.8.2.jar:5.8.2]
	at org.junit.jupiter.engine.descriptor.ClassBasedTestDescriptor.lambda$testInstancesProvider$4(ClassBasedTestDescriptor.java:272) ~[junit-jupiter-engine-5.8.2.jar:5.8.2]
	at java.base/java.util.Optional.orElseGet(Optional.java:362) ~[na:na]
	at org.junit.jupiter.engine.descriptor.ClassBasedTestDescriptor.lambda$testInstancesProvider$5(ClassBasedTestDescriptor.java:271) ~[junit-jupiter-engine-5.8.2.jar:5.8.2]
	at org.junit.jupiter.engine.execution.TestInstancesProvider.getTestInstances(TestInstancesProvider.java:31) ~[junit-jupiter-engine-5.8.2.jar:5.8.2]
	at org.junit.jupiter.engine.descriptor.TestMethodTestDescriptor.lambda$prepare$0(TestMethodTestDescriptor.java:102) ~[junit-jupiter-engine-5.8.2.jar:5.8.2]
	at org.junit.platform.engine.support.hierarchical.ThrowableCollector.execute(ThrowableCollector.java:73) ~[junit-platform-engine-1.8.2.jar:1.8.2]
	at org.junit.jupiter.engine.descriptor.TestMethodTestDescriptor.prepare(TestMethodTestDescriptor.java:101) ~[junit-jupiter-engine-5.8.2.jar:5.8.2]
	at org.junit.jupiter.engine.descriptor.TestMethodTestDescriptor.prepare(TestMethodTestDescriptor.java:66) ~[junit-jupiter-engine-5.8.2.jar:5.8.2]
	at org.junit.platform.engine.support.hierarchical.NodeTestTask.lambda$prepare$2(NodeTestTask.java:123) ~[junit-platform-engine-1.8.2.jar:1.8.2]
	at org.junit.platform.engine.support.hierarchical.ThrowableCollector.execute(ThrowableCollector.java:73) ~[junit-platform-engine-1.8.2.jar:1.8.2]
	at org.junit.platform.engine.support.hierarchical.NodeTestTask.prepare(NodeTestTask.java:123) ~[junit-platform-engine-1.8.2.jar:1.8.2]
	at org.junit.platform.engine.support.hierarchical.NodeTestTask.execute(NodeTestTask.java:90) ~[junit-platform-engine-1.8.2.jar:1.8.2]
	at java.base/java.util.ArrayList.forEach(ArrayList.java:1510) ~[na:na]
	at org.junit.platform.engine.support.hierarchical.SameThreadHierarchicalTestExecutorService.invokeAll(SameThreadHierarchicalTestExecutorService.java:41) ~[junit-platform-engine-1.8.2.jar:1.8.2]
	at org.junit.platform.engine.support.hierarchical.NodeTestTask.lambda$executeRecursively$6(NodeTestTask.java:155) ~[junit-platform-engine-1.8.2.jar:1.8.2]
	at org.junit.platform.engine.support.hierarchical.ThrowableCollector.execute(ThrowableCollector.java:73) ~[junit-platform-engine-1.8.2.jar:1.8.2]
	at org.junit.platform.engine.support.hierarchical.NodeTestTask.lambda$executeRecursively$8(NodeTestTask.java:141) ~[junit-platform-engine-1.8.2.jar:1.8.2]
	at org.junit.platform.engine.support.hierarchical.Node.around(Node.java:137) ~[junit-platform-engine-1.8.2.jar:1.8.2]
	at org.junit.platform.engine.support.hierarchical.NodeTestTask.lambda$executeRecursively$9(NodeTestTask.java:139) ~[junit-platform-engine-1.8.2.jar:1.8.2]
	at org.junit.platform.engine.support.hierarchical.ThrowableCollector.execute(ThrowableCollector.java:73) ~[junit-platform-engine-1.8.2.jar:1.8.2]
	at org.junit.platform.engine.support.hierarchical.NodeTestTask.executeRecursively(NodeTestTask.java:138) ~[junit-platform-engine-1.8.2.jar:1.8.2]
	at org.junit.platform.engine.support.hierarchical.NodeTestTask.execute(NodeTestTask.java:95) ~[junit-platform-engine-1.8.2.jar:1.8.2]
	at java.base/java.util.ArrayList.forEach(ArrayList.java:1510) ~[na:na]
	at org.junit.platform.engine.support.hierarchical.SameThreadHierarchicalTestExecutorService.invokeAll(SameThreadHierarchicalTestExecutorService.java:41) ~[junit-platform-engine-1.8.2.jar:1.8.2]
	at org.junit.platform.engine.support.hierarchical.NodeTestTask.lambda$executeRecursively$6(NodeTestTask.java:155) ~[junit-platform-engine-1.8.2.jar:1.8.2]
	at org.junit.platform.engine.support.hierarchical.ThrowableCollector.execute(ThrowableCollector.java:73) ~[junit-platform-engine-1.8.2.jar:1.8.2]
	at org.junit.platform.engine.support.hierarchical.NodeTestTask.lambda$executeRecursively$8(NodeTestTask.java:141) ~[junit-platform-engine-1.8.2.jar:1.8.2]
	at org.junit.platform.engine.support.hierarchical.Node.around(Node.java:137) ~[junit-platform-engine-1.8.2.jar:1.8.2]
	at org.junit.platform.engine.support.hierarchical.NodeTestTask.lambda$executeRecursively$9(NodeTestTask.java:139) ~[junit-platform-engine-1.8.2.jar:1.8.2]
	at org.junit.platform.engine.support.hierarchical.ThrowableCollector.execute(ThrowableCollector.java:73) ~[junit-platform-engine-1.8.2.jar:1.8.2]
	at org.junit.platform.engine.support.hierarchical.NodeTestTask.executeRecursively(NodeTestTask.java:138) ~[junit-platform-engine-1.8.2.jar:1.8.2]
	at org.junit.platform.engine.support.hierarchical.NodeTestTask.execute(NodeTestTask.java:95) ~[junit-platform-engine-1.8.2.jar:1.8.2]
	at org.junit.platform.engine.support.hierarchical.SameThreadHierarchicalTestExecutorService.submit(SameThreadHierarchicalTestExecutorService.java:35) ~[junit-platform-engine-1.8.2.jar:1.8.2]
	at org.junit.platform.engine.support.hierarchical.HierarchicalTestExecutor.execute(HierarchicalTestExecutor.java:57) ~[junit-platform-engine-1.8.2.jar:1.8.2]
	at org.junit.platform.engine.support.hierarchical.HierarchicalTestEngine.execute(HierarchicalTestEngine.java:54) ~[junit-platform-engine-1.8.2.jar:1.8.2]
	at org.junit.platform.launcher.core.DefaultLauncher.execute(DefaultLauncher.java:220) ~[junit-platform-launcher-1.3.1.jar:1.3.1]
	at org.junit.platform.launcher.core.DefaultLauncher.lambda$execute$6(DefaultLauncher.java:188) ~[junit-platform-launcher-1.3.1.jar:1.3.1]
	at org.junit.platform.launcher.core.DefaultLauncher.withInterceptedStreams(DefaultLauncher.java:202) ~[junit-platform-launcher-1.3.1.jar:1.3.1]
	at org.junit.platform.launcher.core.DefaultLauncher.execute(DefaultLauncher.java:181) ~[junit-platform-launcher-1.3.1.jar:1.3.1]
	at org.junit.platform.launcher.core.DefaultLauncher.execute(DefaultLauncher.java:128) ~[junit-platform-launcher-1.3.1.jar:1.3.1]
	at org.apache.maven.surefire.junitplatform.JUnitPlatformProvider.invokeAllTests(JUnitPlatformProvider.java:150) ~[surefire-junit-platform-2.22.2.jar:2.22.2]
	at org.apache.maven.surefire.junitplatform.JUnitPlatformProvider.invoke(JUnitPlatformProvider.java:124) ~[surefire-junit-platform-2.22.2.jar:2.22.2]
	at org.apache.maven.surefire.booter.ForkedBooter.invokeProviderInSameClassLoader(ForkedBooter.java:384) ~[surefire-booter-2.22.2.jar:2.22.2]
	at org.apache.maven.surefire.booter.ForkedBooter.runSuitesInProcess(ForkedBooter.java:345) ~[surefire-booter-2.22.2.jar:2.22.2]
	at org.apache.maven.surefire.booter.ForkedBooter.execute(ForkedBooter.java:126) ~[surefire-booter-2.22.2.jar:2.22.2]
	at org.apache.maven.surefire.booter.ForkedBooter.main(ForkedBooter.java:418) ~[surefire-booter-2.22.2.jar:2.22.2]
Caused by: org.springframework.beans.factory.UnsatisfiedDependencyException: Error creating bean with name 'objectiveController': Unsatisfied dependency expressed through field 'problemObjectiveService'; nested exception is org.springframework.beans.factory.NoSuchBeanDefinitionException: No qualifying bean of type 'com.yjlhz.doademo.service.ProblemObjectiveService' available: expected at least 1 bean which qualifies as autowire candidate. Dependency annotations: {@org.springframework.beans.factory.annotation.Autowired(required=true)}
	at org.springframework.beans.factory.annotation.AutowiredAnnotationBeanPostProcessor$AutowiredFieldElement.resolveFieldValue(AutowiredAnnotationBeanPostProcessor.java:659) ~[spring-beans-5.3.14.jar:5.3.14]
	at org.springframework.beans.factory.annotation.AutowiredAnnotationBeanPostProcessor$AutowiredFieldElement.inject(AutowiredAnnotationBeanPostProcessor.java:639) ~[spring-beans-5.3.14.jar:5.3.14]
	at org.springframework.beans.factory.annotation.InjectionMetadata.inject(InjectionMetadata.java:119) ~[spring-beans-5.3.14.jar:5.3.14]
	at org.springframework.beans.factory.annotation.AutowiredAnnotationBeanPostProcessor.postProcessProperties(AutowiredAnnotationBeanPostProcessor.java:399) ~[spring-beans-5.3.14.jar:5.3.14]
	at org.springframework.beans.factory.support.AbstractAutowireCapableBeanFactory.populateBean(AbstractAutowireCapableBeanFactory.java:1431) ~[spring-beans-5.3.14.jar:5.3.14]
	at org.springframework.beans.factory.support.AbstractAutowireCapableBeanFactory.doCreateBean(AbstractAutowireCapableBeanFactory.java:619) ~[spring-beans-5.3.14.jar:5.3.14]
	at org.springframework.beans.factory.support.AbstractAutowireCapableBeanFactory.createBean(AbstractAutowireCapableBeanFactory.java:542) ~[spring-beans-5.3.14.jar:5.3.14]
	at org.springframework.beans.factory.support.AbstractBeanFactory.lambda$doGetBean$0(AbstractBeanFactory.java:335) ~[spring-beans-5.3.14.jar:5.3.14]
	at org.springframework.beans.factory.support.DefaultSingletonBeanRegistry.getSingleton(DefaultSingletonBeanRegistry.java:234) ~[spring-beans-5.3.14.jar:5.3.14]
	at org.springframework.beans.factory.support.AbstractBeanFactory.doGetBean(AbstractBeanFactory.java:333) ~[spring-beans-5.3.14.jar:5.3.14]
	at org.springframework.beans.factory.support.AbstractBeanFactory.getBean(AbstractBeanFactory.java:208) ~[spring-beans-5.3.14.jar:5.3.14]
	at org.springframework.beans.factory.support.DefaultListableBeanFactory.preInstantiateSingletons(DefaultListableBeanFactory.java:953) ~[spring-beans-5.3.14.jar:5.3.14]
	at org.springframework.context.support.AbstractApplicationContext.finishBeanFactoryInitialization(AbstractApplicationContext.java:918) ~[spring-context-5.3.14.jar:5.3.14]
	at org.springframework.context.support.AbstractApplicationContext.refresh(AbstractApplicationContext.java:583) ~[spring-context-5.3.14.jar:5.3.14]
	at org.springframework.boot.SpringApplication.refresh(SpringApplication.java:730) ~[spring-boot-2.6.2.jar:2.6.2]
	at org.springframework.boot.SpringApplication.refreshContext(SpringApplication.java:412) ~[spring-boot-2.6.2.jar:2.6.2]
	at org.springframework.boot.SpringApplication.run(SpringApplication.java:302) ~[spring-boot-2.6.2.jar:2.6.2]
	at org.springframework.boot.test.context.SpringBootContextLoader.loadContext(SpringBootContextLoader.java:121) ~[spring-boot-test-2.6.2.jar:2.6.2]
	at org.springframework.test.context.cache.DefaultCacheAwareContextLoaderDelegate.loadContextInternal(DefaultCacheAwareContextLoaderDelegate.java:99) ~[spring-test-5.3.14.jar:5.3.14]
	at org.springframework.test.context.cache.DefaultCacheAwareContextLoaderDelegate.loadContext(DefaultCacheAwareContextLoaderDelegate.java:124) ~[spring-test-5.3.14.jar:5.3.14]
	... 67 common frames omitted
Caused by: org.springframework.beans.factory.NoSuchBeanDefinitionException: No qualifying bean of type 'com.yjlhz.doademo.service.ProblemObjectiveService' available: expected at least 1 bean which qualifies as autowire candidate. Dependency annotations: {@org.springframework.beans.factory.annotation.Autowired(required=true)}
	at org.springframework.beans.factory.support.DefaultListableBeanFactory.raiseNoMatchingBeanFound(DefaultListableBeanFactory.java:1799) ~[spring-beans-5.3.14.jar:5.3.14]
	at org.springframework.beans.factory.support.DefaultListableBeanFactory.doResolveDependency(DefaultListableBeanFactory.java:1355) ~[spring-beans-5.3.14.jar:5.3.14]
	at org.springframework.beans.factory.support.DefaultListableBeanFactory.resolveDependency(DefaultListableBeanFactory.java:1309) ~[spring-beans-5.3.14.jar:5.3.14]
	at org.springframework.beans.factory.annotation.AutowiredAnnotationBeanPostProcessor$AutowiredFieldElement.resolveFieldValue(AutowiredAnnotationBeanPostProcessor.java:656) ~[spring-beans-5.3.14.jar:5.3.14]
	... 86 common frames omitted

]]></system-out>
  </testcase>
</testsuite>